This is pdfTeX, Version 3.141592653-2.6-1.40.28 (TeX Live 2025) (preloaded format=pdflatex 2025.8.6)  24 FEB 2026 11:21
entering extended mode
 restricted \write18 enabled.
 %&-line parsing enabled.
**blueprint_grh_primes.tex
(./blueprint_grh_primes.tex
LaTeX2e <2025-06-01> patch level 1
L3 programming layer <2025-07-20>
(/usr/local/texlive/2025/texmf-dist/tex/latex/base/article.cls
Document Class: article 2025/01/22 v1.4n Standard LaTeX document class
(/usr/local/texlive/2025/texmf-dist/tex/latex/base/size12.clo
File: size12.clo 2025/01/22 v1.4n Standard LaTeX file (size option)
)
\c@part=\count275
\c@section=\count276
\c@subsection=\count277
\c@subsubsection=\count278
\c@paragraph=\count279
\c@subparagraph=\count280
\c@figure=\count281
\c@table=\count282
\abovecaptionskip=\skip49
\belowcaptionskip=\skip50
\bibindent=\dimen148
)
(/usr/local/texlive/2025/texmf-dist/tex/latex/amsmath/amsmath.sty
Package: amsmath 2025/06/16 v2.17y AMS math features
\@mathmargin=\skip51

For additional information on amsmath, use the `?' option.
(/usr/local/texlive/2025/texmf-dist/tex/latex/amsmath/amstext.sty
Package: amstext 2024/11/17 v2.01 AMS text

(/usr/local/texlive/2025/texmf-dist/tex/latex/amsmath/amsgen.sty
File: amsgen.sty 1999/11/30 v2.0 generic functions
\@emptytoks=\toks17
\ex@=\dimen149
))
(/usr/local/texlive/2025/texmf-dist/tex/latex/amsmath/amsbsy.sty
Package: amsbsy 1999/11/29 v1.2d Bold Symbols
\pmbraise@=\dimen150
)
(/usr/local/texlive/2025/texmf-dist/tex/latex/amsmath/amsopn.sty
Package: amsopn 2022/04/08 v2.04 operator names
)
\inf@bad=\count283
LaTeX Info: Redefining \frac on input line 233.
\uproot@=\count284
\leftroot@=\count285
LaTeX Info: Redefining \overline on input line 398.
LaTeX Info: Redefining \colon on input line 409.
\classnum@=\count286
\DOTSCASE@=\count287
LaTeX Info: Redefining \ldots on input line 495.
LaTeX Info: Redefining \dots on input line 498.
LaTeX Info: Redefining \cdots on input line 619.
\Mathstrutbox@=\box53
\strutbox@=\box54
LaTeX Info: Redefining \big on input line 721.
LaTeX Info: Redefining \Big on input line 722.
LaTeX Info: Redefining \bigg on input line 723.
LaTeX Info: Redefining \Bigg on input line 724.
\big@size=\dimen151
LaTeX Font Info:    Redeclaring font encoding OML on input line 742.
LaTeX Font Info:    Redeclaring font encoding OMS on input line 743.
\macc@depth=\count288
LaTeX Info: Redefining \bmod on input line 904.
LaTeX Info: Redefining \pmod on input line 909.
LaTeX Info: Redefining \smash on input line 939.
LaTeX Info: Redefining \relbar on input line 969.
LaTeX Info: Redefining \Relbar on input line 970.
\c@MaxMatrixCols=\count289
\dotsspace@=\muskip17
\c@parentequation=\count290
\dspbrk@lvl=\count291
\tag@help=\toks18
\row@=\count292
\column@=\count293
\maxfields@=\count294
\andhelp@=\toks19
\eqnshift@=\dimen152
\alignsep@=\dimen153
\tagshift@=\dimen154
\tagwidth@=\dimen155
\totwidth@=\dimen156
\lineht@=\dimen157
\@envbody=\toks20
\multlinegap=\skip52
\multlinetaggap=\skip53
\mathdisplay@stack=\toks21
LaTeX Info: Redefining \[ on input line 2949.
LaTeX Info: Redefining \] on input line 2950.
)
(/usr/local/texlive/2025/texmf-dist/tex/latex/amsfonts/amssymb.sty
Package: amssymb 2013/01/14 v3.01 AMS font symbols

(/usr/local/texlive/2025/texmf-dist/tex/latex/amsfonts/amsfonts.sty
Package: amsfonts 2013/01/14 v3.01 Basic AMSFonts support
\symAMSa=\mathgroup4
\symAMSb=\mathgroup5
LaTeX Font Info:    Redeclaring math symbol \hbar on input line 98.
LaTeX Font Info:    Overwriting math alphabet `\mathfrak' in version `bold'
(Font)                  U/euf/m/n --> U/euf/b/n on input line 106.
))
(/usr/local/texlive/2025/texmf-dist/tex/latex/amscls/amsthm.sty
Package: amsthm 2020/05/29 v2.20.6
\thm@style=\toks22
\thm@bodyfont=\toks23
\thm@headfont=\toks24
\thm@notefont=\toks25
\thm@headpunct=\toks26
\thm@preskip=\skip54
\thm@postskip=\skip55
\thm@headsep=\skip56
\dth@everypar=\toks27
)
(/usr/local/texlive/2025/texmf-dist/tex/latex/hyperref/hyperref.sty
Package: hyperref 2025-07-12 v7.01o Hypertext links for LaTeX

(/usr/local/texlive/2025/texmf-dist/tex/generic/iftex/iftex.sty
Package: iftex 2024/12/12 v1.0g TeX engine tests
)
(/usr/local/texlive/2025/texmf-dist/tex/latex/graphics/keyval.sty
Package: keyval 2022/05/29 v1.15 key=value parser (DPC)
\KV@toks@=\toks28
)
(/usr/local/texlive/2025/texmf-dist/tex/latex/kvsetkeys/kvsetkeys.sty
Package: kvsetkeys 2022-10-05 v1.19 Key value parser (HO)
)
(/usr/local/texlive/2025/texmf-dist/tex/generic/kvdefinekeys/kvdefinekeys.sty
Package: kvdefinekeys 2019-12-19 v1.6 Define keys (HO)
)
(/usr/local/texlive/2025/texmf-dist/tex/generic/pdfescape/pdfescape.sty
Package: pdfescape 2019/12/09 v1.15 Implements pdfTeX's escape features (HO)

(/usr/local/texlive/2025/texmf-dist/tex/generic/ltxcmds/ltxcmds.sty
Package: ltxcmds 2023-12-04 v1.26 LaTeX kernel commands for general use (HO)
)
(/usr/local/texlive/2025/texmf-dist/tex/generic/pdftexcmds/pdftexcmds.sty
Package: pdftexcmds 2020-06-27 v0.33 Utility functions of pdfTeX for LuaTeX (HO
)

(/usr/local/texlive/2025/texmf-dist/tex/generic/infwarerr/infwarerr.sty
Package: infwarerr 2019/12/03 v1.5 Providing info/warning/error messages (HO)
)
Package pdftexcmds Info: \pdf@primitive is available.
Package pdftexcmds Info: \pdf@ifprimitive is available.
Package pdftexcmds Info: \pdfdraftmode found.
))
(/usr/local/texlive/2025/texmf-dist/tex/latex/hycolor/hycolor.sty
Package: hycolor 2020-01-27 v1.10 Color options for hyperref/bookmark (HO)
)
(/usr/local/texlive/2025/texmf-dist/tex/latex/hyperref/nameref.sty
Package: nameref 2025-06-21 v2.57 Cross-referencing by name of section

(/usr/local/texlive/2025/texmf-dist/tex/latex/refcount/refcount.sty
Package: refcount 2019/12/15 v3.6 Data extraction from label references (HO)
)
(/usr/local/texlive/2025/texmf-dist/tex/generic/gettitlestring/gettitlestring.s
ty
Package: gettitlestring 2019/12/15 v1.6 Cleanup title references (HO)
 (/usr/local/texlive/2025/texmf-dist/tex/latex/kvoptions/kvoptions.sty
Package: kvoptions 2022-06-15 v3.15 Key value format for package options (HO)
))
\c@section@level=\count295
)
(/usr/local/texlive/2025/texmf-dist/tex/latex/etoolbox/etoolbox.sty
Package: etoolbox 2025/02/11 v2.5l e-TeX tools for LaTeX (JAW)
\etb@tempcnta=\count296
)
(/usr/local/texlive/2025/texmf-dist/tex/generic/stringenc/stringenc.sty
Package: stringenc 2019/11/29 v1.12 Convert strings between diff. encodings (HO
)
)
\@linkdim=\dimen158
\Hy@linkcounter=\count297
\Hy@pagecounter=\count298

(/usr/local/texlive/2025/texmf-dist/tex/latex/hyperref/pd1enc.def
File: pd1enc.def 2025-07-12 v7.01o Hyperref: PDFDocEncoding definition (HO)
Now handling font encoding PD1 ...
... no UTF-8 mapping file for font encoding PD1
)
(/usr/local/texlive/2025/texmf-dist/tex/generic/intcalc/intcalc.sty
Package: intcalc 2019/12/15 v1.3 Expandable calculations with integers (HO)
)
\Hy@SavedSpaceFactor=\count299

(/usr/local/texlive/2025/texmf-dist/tex/latex/hyperref/puenc.def
File: puenc.def 2025-07-12 v7.01o Hyperref: PDF Unicode definition (HO)
Now handling font encoding PU ...
... no UTF-8 mapping file for font encoding PU
)
Package hyperref Info: Hyper figures OFF on input line 4195.
Package hyperref Info: Link nesting OFF on input line 4200.
Package hyperref Info: Hyper index ON on input line 4203.
Package hyperref Info: Plain pages OFF on input line 4210.
Package hyperref Info: Backreferencing OFF on input line 4215.
Package hyperref Info: Implicit mode ON; LaTeX internals redefined.
Package hyperref Info: Bookmarks ON on input line 4462.
\c@Hy@tempcnt=\count300

(/usr/local/texlive/2025/texmf-dist/tex/latex/url/url.sty
\Urlmuskip=\muskip18
Package: url 2013/09/16  ver 3.4  Verb mode for urls, etc.
)
LaTeX Info: Redefining \url on input line 4801.
\XeTeXLinkMargin=\dimen159

(/usr/local/texlive/2025/texmf-dist/tex/generic/bitset/bitset.sty
Package: bitset 2019/12/09 v1.3 Handle bit-vector datatype (HO)

(/usr/local/texlive/2025/texmf-dist/tex/generic/bigintcalc/bigintcalc.sty
Package: bigintcalc 2019/12/15 v1.5 Expandable calculations on big integers (HO
)
))
\Fld@menulength=\count301
\Field@Width=\dimen160
\Fld@charsize=\dimen161
Package hyperref Info: Hyper figures OFF on input line 6078.
Package hyperref Info: Link nesting OFF on input line 6083.
Package hyperref Info: Hyper index ON on input line 6086.
Package hyperref Info: backreferencing OFF on input line 6093.
Package hyperref Info: Link coloring OFF on input line 6098.
Package hyperref Info: Link coloring with OCG OFF on input line 6103.
Package hyperref Info: PDF/A mode OFF on input line 6108.
\Hy@abspage=\count302
\c@Item=\count303
\c@Hfootnote=\count304
)
Package hyperref Info: Driver (autodetected): hpdftex.

(/usr/local/texlive/2025/texmf-dist/tex/latex/hyperref/hpdftex.def
File: hpdftex.def 2025-07-12 v7.01o Hyperref driver for pdfTeX
\Fld@listcount=\count305
\c@bookmark@seq@number=\count306

(/usr/local/texlive/2025/texmf-dist/tex/latex/rerunfilecheck/rerunfilecheck.sty
Package: rerunfilecheck 2025-06-21 v1.11 Rerun checks for auxiliary files (HO)

(/usr/local/texlive/2025/texmf-dist/tex/generic/uniquecounter/uniquecounter.sty
Package: uniquecounter 2019/12/15 v1.4 Provide unlimited unique counter (HO)
)
Package uniquecounter Info: New unique counter `rerunfilecheck' on input line 2
84.
)
\Hy@SectionHShift=\skip57
) (/usr/local/texlive/2025/texmf-dist/tex/latex/cleveref/cleveref.sty
Package: cleveref 2018/03/27 v0.21.4 Intelligent cross-referencing
Package cleveref Info: `hyperref' support loaded on input line 2370.
LaTeX Info: Redefining \cref on input line 2370.
LaTeX Info: Redefining \Cref on input line 2370.
LaTeX Info: Redefining \crefrange on input line 2370.
LaTeX Info: Redefining \Crefrange on input line 2370.
LaTeX Info: Redefining \cpageref on input line 2370.
LaTeX Info: Redefining \Cpageref on input line 2370.
LaTeX Info: Redefining \cpagerefrange on input line 2370.
LaTeX Info: Redefining \Cpagerefrange on input line 2370.
LaTeX Info: Redefining \labelcref on input line 2370.
LaTeX Info: Redefining \labelcpageref on input line 2370.
Package cleveref Info: `amsthm' support loaded on input line 3026.
)
==> First Aid for cleveref.sty applied!
(/usr/local/texlive/2025/texmf-dist/tex/latex/geometry/geometry.sty
Package: geometry 2020/01/02 v5.9 Page Geometry

(/usr/local/texlive/2025/texmf-dist/tex/generic/iftex/ifvtex.sty
Package: ifvtex 2019/10/25 v1.7 ifvtex legacy package. Use iftex instead.
)
\Gm@cnth=\count307
\Gm@cntv=\count308
\c@Gm@tempcnt=\count309
\Gm@bindingoffset=\dimen162
\Gm@wd@mp=\dimen163
\Gm@odd@mp=\dimen164
\Gm@even@mp=\dimen165
\Gm@layoutwidth=\dimen166
\Gm@layoutheight=\dimen167
\Gm@layouthoffset=\dimen168
\Gm@layoutvoffset=\dimen169
\Gm@dimlist=\toks29
)
\c@theorem=\count310


! LaTeX Error: Command \psi already defined.
               Or name \end... illegal, see p.192 of the manual.

See the LaTeX manual or LaTeX Companion for explanation.
Type  H <return>  for immediate help.
 ...                                              
                                                  
l.33 \newcommand{\psi}{\psi}
                            
Your command was ignored.
Type  I <command> <return>  to replace it with another command,
or  <return>  to continue without it.

(/usr/local/texlive/2025/texmf-dist/tex/latex/l3backend/l3backend-pdftex.def
File: l3backend-pdftex.def 2025-06-09 L3 backend support: PDF output (pdfTeX)
\l__color_backend_stack_int=\count311
)
(./blueprint_grh_primes.aux)
\openout1 = `blueprint_grh_primes.aux'.

LaTeX Font Info:    Checking defaults for OML/cmm/m/it on input line 48.
LaTeX Font Info:    ... okay on input line 48.
LaTeX Font Info:    Checking defaults for OMS/cmsy/m/n on input line 48.
LaTeX Font Info:    ... okay on input line 48.
LaTeX Font Info:    Checking defaults for OT1/cmr/m/n on input line 48.
LaTeX Font Info:    ... okay on input line 48.
LaTeX Font Info:    Checking defaults for T1/cmr/m/n on input line 48.
LaTeX Font Info:    ... okay on input line 48.
LaTeX Font Info:    Checking defaults for TS1/cmr/m/n on input line 48.
LaTeX Font Info:    ... okay on input line 48.
LaTeX Font Info:    Checking defaults for OMX/cmex/m/n on input line 48.
LaTeX Font Info:    ... okay on input line 48.
LaTeX Font Info:    Checking defaults for U/cmr/m/n on input line 48.
LaTeX Font Info:    ... okay on input line 48.
LaTeX Font Info:    Checking defaults for PD1/pdf/m/n on input line 48.
LaTeX Font Info:    ... okay on input line 48.
LaTeX Font Info:    Checking defaults for PU/pdf/m/n on input line 48.
LaTeX Font Info:    ... okay on input line 48.
Package hyperref Info: Link coloring OFF on input line 48.
 (./blueprint_grh_primes.out)
(./blueprint_grh_primes.out)
\@outlinefile=\write3
\openout3 = `blueprint_grh_primes.out'.


*geometry* driver: auto-detecting
*geometry* detected driver: pdftex
*geometry* verbose mode - [ preamble ] result:
* driver: pdftex
* paper: a4paper
* layout: <same size as paper>
* layoutoffset:(h,v)=(0.0pt,0.0pt)
* modes: 
* h-part:(L,W,R)=(71.13188pt, 455.24411pt, 71.13188pt)
* v-part:(T,H,B)=(71.13188pt, 702.78308pt, 71.13188pt)
* \paperwidth=597.50787pt
* \paperheight=845.04684pt
* \textwidth=455.24411pt
* \textheight=702.78308pt
* \oddsidemargin=-1.1381pt
* \evensidemargin=-1.1381pt
* \topmargin=-38.1381pt
* \headheight=12.0pt
* \headsep=25.0pt
* \topskip=12.0pt
* \footskip=30.0pt
* \marginparwidth=35.0pt
* \marginparsep=10.0pt
* \columnsep=10.0pt
* \skip\footins=10.8pt plus 4.0pt minus 2.0pt
* \hoffset=0.0pt
* \voffset=0.0pt
* \mag=1000
* \@twocolumnfalse
* \@twosidefalse
* \@mparswitchfalse
* \@reversemarginfalse
* (1in=72.27pt=25.4mm, 1cm=28.453pt)

LaTeX Font Info:    Trying to load font information for U+msa on input line 50.

(/usr/local/texlive/2025/texmf-dist/tex/latex/amsfonts/umsa.fd
File: umsa.fd 2013/01/14 v3.01 AMS symbols A
)
LaTeX Font Info:    Trying to load font information for U+msb on input line 50.


(/usr/local/texlive/2025/texmf-dist/tex/latex/amsfonts/umsb.fd
File: umsb.fd 2013/01/14 v3.01 AMS symbols B
)
(./blueprint_grh_primes.toc

[1

{/usr/local/texlive/2025/texmf-var/fonts/map/pdftex/updmap/pdftex.map}])
\tf@toc=\write4
\openout4 = `blueprint_grh_primes.toc'.



[2]
Overfull \hbox (9.8642pt too wide) detected at line 85
[] \OMS/cmsy/m/n/12   []   []\OML/cmm/m/it/12 ;  []
 []


Overfull \hbox (66.29837pt too wide) in paragraph at lines 103--104
\OT1/cmr/bx/n/12 Definition 2.1 \OT1/cmr/m/n/12 (Gen-er-al-ized Rie-mann Hy-pot
h-e-sis for $\OML/cmm/m/it/12 ^^_$\OT1/cmr/m/n/12 )\OT1/cmr/bx/n/12 . \OT1/cmtt
/m/n/12 [Lean: GeneralizedRiemannHypothesis] 
 []


Overfull \hbox (38.77353pt too wide) in paragraph at lines 135--136
\OT1/cmr/bx/n/12 Axiom 2.3 \OT1/cmr/m/n/12 (Of-f--line Hid-den Com-po-nent for 
$\OML/cmm/m/it/12 L\OT1/cmr/m/n/12 (\OML/cmm/m/it/12 s; ^^_\OT1/cmr/m/n/12 )$)\
OT1/cmr/bx/n/12 . \OT1/cmtt/m/n/12 [Lean: offLineHiddenComponent[]char] 
 []



[3]
Overfull \hbox (107.39803pt too wide) in paragraph at lines 155--157
\OT1/cmr/bx/n/12 Lemma 2.4 \OT1/cmr/m/n/12 (Bounded Spec-tral Growth for $\OML/
cmm/m/it/12 L\OT1/cmr/m/n/12 (\OML/cmm/m/it/12 s; ^^_\OT1/cmr/m/n/12 )$ Ze-ros)
\OT1/cmr/bx/n/12 . \OT1/cmtt/m/it/12 [Lean: vonMangoldt[]mode[]bounded[]char]\O
T1/cmr/m/n/12 Uses:
 []


Overfull \hbox (144.18942pt too wide) in paragraph at lines 174--176
\OT1/cmr/bx/n/12 Theorem 2.5 \OT1/cmr/m/n/12 (Ex-plicit For-mula Com-plete-ness
 for $\OML/cmm/m/it/12 L\OT1/cmr/m/n/12 (\OML/cmm/m/it/12 s; ^^_\OT1/cmr/m/n/12
 )$)\OT1/cmr/bx/n/12 . \OT1/cmtt/m/it/12 [Lean: explicit[]formula[]completeness
[]char]\OT1/cmr/m/n/12 Uses:
 []


Overfull \hbox (32.03377pt too wide) in paragraph at lines 194--196
\OT1/cmr/bx/n/12 Theorem 2.6 \OT1/cmr/m/n/12 (GRH --- Fourier Un-con-di-tional)
\OT1/cmr/bx/n/12 . \OT1/cmtt/m/it/12 [Lean: grh[]fourier[]unconditional]\OT1/cm
r/m/n/12 Uses:
 []


Overfull \hbox (51.48067pt too wide) in paragraph at lines 218--220
\OT1/cmr/bx/n/12 Corollary 2.7 \OT1/cmr/m/n/12 (Rie-mann Hy-poth-e-sis from GRH
)\OT1/cmr/bx/n/12 . \OT1/cmtt/m/it/12 [Lean: riemann[]hypothesis[]from[]grh]\OT
1/cmr/m/n/12 Uses:
 []


Overfull \hbox (89.78375pt too wide) in paragraph at lines 224--230
\OML/cmm/m/it/12 N \OT1/cmr/m/n/12 = 1$\OT1/cmr/m/it/12 , $\OML/cmm/m/it/12 ^^_
 \OT1/cmr/m/n/12 = \OT1/cmr/bx/n/12 1$ \OT1/cmr/m/it/12 and trans-lat-ing throu
gh this equal-ity yields $[]$ via the ex-ist-ing \OT1/cmtt/m/it/12 riemann[]hyp
othesis[]fourier
 []



[4]
LaTeX Font Info:    Font shape `OT1/cmtt/bx/n' in size <12> not available
(Font)              Font shape `OT1/cmtt/m/n' tried instead on input line 246.


LaTeX Warning: Reference `sec:motohashi' on page 5 undefined on input line 253.



Overfull \hbox (93.03949pt too wide) in paragraph at lines 263--268
\OT1/cmr/m/n/12 hy-poth-e-sis. It elim-i-nates the Hardy-Littlewood pair asymp-
totic con-jec-ture (\OT1/cmtt/m/n/12 pair[]partial[]sum[]asymptotic\OT1/cmr/m/n
/12 )
 []


Overfull \hbox (117.74332pt too wide) in paragraph at lines 273--274
\OT1/cmr/bx/n/12 Axiom 3.1 \OT1/cmr/m/n/12 (Pair Spi-ral Spec-tral Bound un-der
 GRH)\OT1/cmr/bx/n/12 . \OT1/cmtt/m/n/12 [Lean: GRHTwinPrimes.pair[]spiral[]spe
ctral[]bound] 
 []


Overfull \hbox (242.46475pt too wide) in paragraph at lines 300--302
\OT1/cmr/bx/n/12 Theorem 3.2 \OT1/cmr/m/n/12 (Pair Cor-re-la-tion Lin-ear Lower
 Bound from GRH)\OT1/cmr/bx/n/12 . \OT1/cmtt/m/it/12 [Lean: GRHTwinPrimes.pair[
]correlation[]lower[]from[]grh]\OT1/cmr/m/n/12 Uses:
 []



[5{/usr/local/texlive/2025/texmf-dist/fonts/enc/dvips/cm-super/cm-super-ts1.enc
}]
Overfull \hbox (52.44313pt too wide) in paragraph at lines 323--325
\OT1/cmr/bx/n/12 Theorem 3.3 \OT1/cmr/m/n/12 (Twin Primes from GRH)\OT1/cmr/bx/
n/12 . \OT1/cmtt/m/it/12 [Lean: GRHTwinPrimes.twin[]primes[]from[]grh]\OT1/cmr/
m/n/12 Uses:
 []


Overfull \hbox (26.9171pt too wide) in paragraph at lines 333--347
\OML/cmm/m/it/12 B$\OT1/cmr/m/it/12 ). The non-twin con-tri-bu-tion is $\OML/cm
m/m/it/12 O\OT1/cmr/m/n/12 (\OML/cmm/m/it/12 x[]\OT1/cmr/m/n/12 )$ \OT1/cmr/m/i
t/12 by \OT1/cmtt/m/it/12 PrimeGapBridge.prime[]power[]pair[]sublinear\OT1/cmr/
m/it/12 .
 []


Overfull \hbox (223.2068pt too wide) in paragraph at lines 351--353
\OT1/cmr/bx/n/12 Theorem 3.4 \OT1/cmr/m/n/12 (Twin Primes --- Un-con-di-tional 
via GRH Route)\OT1/cmr/bx/n/12 . \OT1/cmtt/m/it/12 [Lean: GRHTwinPrimes.twin[]p
rimes[]grh[]unconditional]\OT1/cmr/m/n/12 Uses:
 []



[6]
Overfull \hbox (9.88676pt too wide) in paragraph at lines 392--393
\OT1/cmr/bx/n/12 Definition 4.2 \OT1/cmr/m/n/12 (Gold-bach Con-jec-ture)\OT1/cm
r/bx/n/12 . \OT1/cmtt/m/n/12 [Lean: GoldbachBridge.GoldbachConjecture] 
 []


Overfull \hbox (34.3973pt too wide) in paragraph at lines 402--403
\OT1/cmr/bx/n/12 Definition 4.3 \OT1/cmr/m/n/12 (Gold-bach Rep-re-sen-ta-tion C
ount)\OT1/cmr/bx/n/12 . \OT1/cmtt/m/n/12 [Lean: GoldbachBridge.goldbachCount] 
 []


Overfull \hbox (35.5734pt too wide) in paragraph at lines 409--410
\OT1/cmr/bx/n/12 Definition 4.4 \OT1/cmr/m/n/12 (Von Man-goldt Gold-bach Con-vo
-lu-tion)\OT1/cmr/bx/n/12 . \OT1/cmtt/m/n/12 [Lean: GoldbachBridge.goldbachR] 
 []


Overfull \hbox (19.16856pt too wide) in paragraph at lines 421--422
\OT1/cmr/bx/n/12 Definition 4.5 \OT1/cmr/m/n/12 (Prime-Only Gold-bach Sum)\OT1/
cmr/bx/n/12 . \OT1/cmtt/m/n/12 [Lean: GoldbachBridge.goldbachR[]prime] 
 []


Overfull \hbox (96.90935pt too wide) in paragraph at lines 463--464
\OT1/cmr/bx/n/12 Lemma 4.9 \OT1/cmr/m/n/12 (Or-thog-o-nal-ity of Ad-di-tive Cha
r-ac-ters)\OT1/cmr/bx/n/12 . \OT1/cmtt/m/it/12 [Lean: CircleMethod.e[]intervalI
ntegral[]zero] 
 []


Overfull \hbox (69.24455pt too wide) in paragraph at lines 468--470
[]\OT1/cmr/m/n/12 Proof sketch. \OT1/cmtt/m/it/12 integral[]exp[]mul[]complex \
OT1/cmr/m/it/12 from Math-lib, with \OT1/cmtt/m/it/12 Complex.exp[]int[]mul[]tw
o[]pi[]mul[]I
 []


Overfull \hbox (95.93118pt too wide) in paragraph at lines 485--486
\OT1/cmr/bx/n/12 Definition 4.11 \OT1/cmr/m/n/12 (Ma-jor and Mi-nor Arcs)\OT1/c
mr/bx/n/12 . \OT1/cmtt/m/n/12 [Lean: CircleMethod.majorArc, CircleMethod.minorA
rcs] 
 []

LaTeX Font Info:    Trying to load font information for U+euf on input line 492
.
(/usr/local/texlive/2025/texmf-dist/tex/latex/amsfonts/ueuf.fd
File: ueuf.fd 2013/01/14 v3.01 Euler Fraktur
)

[7]
Overfull \hbox (121.43256pt too wide) in paragraph at lines 516--517
\OT1/cmr/bx/n/12 Axiom 4.14 \OT1/cmr/m/n/12 (Gold-bach Spi-ral Spec-tral Bound)
\OT1/cmr/bx/n/12 . \OT1/cmtt/m/n/12 [Lean: GoldbachBridge.goldbach[]spiral[]spe
ctral[]bound] 
 []


Overfull \hbox (155.1974pt too wide) in paragraph at lines 535--536
\OT1/cmr/bx/n/12 Axiom 4.15 \OT1/cmr/m/n/12 (Archimedean Dom-i-nance --- Ef-fec
-tive)\OT1/cmr/bx/n/12 . \OT1/cmtt/m/n/12 [Lean: GoldbachBridge.archimedean[]do
minance[]effective] 
 []


Overfull \hbox (28.98984pt too wide) in paragraph at lines 548--549
\OT1/cmr/bx/n/12 Axiom 4.16 \OT1/cmr/m/n/12 (Gold-bach Small Cases)\OT1/cmr/bx/
n/12 . \OT1/cmtt/m/n/12 [Lean: GoldbachBridge.goldbach[]small[]verified] 
 []


Overfull \hbox (64.76309pt too wide) in paragraph at lines 557--558
\OT1/cmr/bx/n/12 Axiom 4.17 \OT1/cmr/m/n/12 (Twin Prime Con-stant Pos-i-tiv-ity
)\OT1/cmr/bx/n/12 . \OT1/cmtt/m/n/12 [Lean: CircleMethod.twin[]prime[]constant[
]pos] 
 []


Overfull \hbox (105.38239pt too wide) in paragraph at lines 567--568
\OT1/cmr/bx/n/12 Axiom 4.18 \OT1/cmr/m/n/12 (Hardy-Lit-tle-wood Pair Asymp-toti
c)\OT1/cmr/bx/n/12 . \OT1/cmtt/m/n/12 [Lean: CircleMethod.pair[]partial[]sum[]a
symptotic] 
 []


Overfull \hbox (168.89003pt too wide) in paragraph at lines 586--587
\OT1/cmr/bx/n/12 Lemma 4.19 \OT1/cmr/m/n/12 ($\OML/cmm/m/it/12 R[]\OT1/cmr/m/n/
12 (\OML/cmm/m/it/12 n\OT1/cmr/m/n/12 ) \OML/cmm/m/it/12 > \OT1/cmr/m/n/12 0$ i
m-plies Gold-bach)\OT1/cmr/bx/n/12 . \OT1/cmtt/m/it/12 [Lean: GoldbachBridge.go
ldbachR[]prime[]pos[]implies[]count[]pos] 
 []



[8]
Overfull \hbox (91.80106pt too wide) in paragraph at lines 598--599
\OT1/cmr/bx/n/12 Lemma 4.20 \OT1/cmr/m/n/12 (Prime Power Noise Up-per Bound)\OT
1/cmr/bx/n/12 . \OT1/cmtt/m/it/12 [Lean: GoldbachBridge.prime[]power[]noise[]up
per] 
 []


Overfull \hbox (181.00998pt too wide) in paragraph at lines 613--614
\OT1/cmr/bx/n/12 Lemma 4.21 \OT1/cmr/m/n/12 (Archimedean Dom-i-nance --- Non--C
on-struc-tive)\OT1/cmr/bx/n/12 . \OT1/cmtt/m/it/12 [Lean: GoldbachBridge.eventu
ally[]noise[]dominated] 
 []


Overfull \hbox (48.35037pt too wide) in paragraph at lines 618--622
[]\OT1/cmr/m/n/12 Proof sketch. \OT1/cmr/m/it/12 From the Math-lib es-ti-mate $
\OT1/cmr/m/n/12 ([] \OML/cmm/m/it/12 x\OT1/cmr/m/n/12 )[] = \OML/cmm/m/it/12 o\
OT1/cmr/m/n/12 (\OML/cmm/m/it/12 x[]\OT1/cmr/m/n/12 )$ \OT1/cmr/m/it/12 (\OT1/c
mtt/m/it/12 isLittleO[]log[]rpow[]rpow[]atTop\OT1/cmr/m/it/12 ),
 []


Overfull \hbox (100.72063pt too wide) in paragraph at lines 628--630
\OT1/cmr/bx/n/12 Theorem 4.22 \OT1/cmr/m/n/12 (Gold-bach Ef-fec-tive Chain)\OT1
/cmr/bx/n/12 . \OT1/cmtt/m/it/12 [Lean: GoldbachBridge.goldbach[]effective[]cha
in]\OT1/cmr/m/n/12 Uses:
 []


Overfull \hbox (80.04164pt too wide) in paragraph at lines 641--643
\OT1/cmr/bx/n/12 Theorem 4.23 \OT1/cmr/m/n/12 (Cir-cle Method The-o-rem)\OT1/cm
r/bx/n/12 . \OT1/cmtt/m/it/12 [Lean: GoldbachBridge.goldbach[]circle[]method]\O
T1/cmr/m/n/12 Uses:
 []


Overfull \hbox (142.51462pt too wide) in paragraph at lines 655--657
\OT1/cmr/bx/n/12 Theorem 4.24 \OT1/cmr/m/n/12 (RH Im-plies Gold-bach for Large 
$\OML/cmm/m/it/12 n$\OT1/cmr/m/n/12 )\OT1/cmr/bx/n/12 . \OT1/cmtt/m/it/12 [Lean
: GoldbachBridge.rh[]implies[]goldbach[]large]\OT1/cmr/m/n/12 Uses:
 []


Overfull \hbox (121.92593pt too wide) in paragraph at lines 667--669
\OT1/cmr/bx/n/12 Theorem 4.25 \OT1/cmr/m/n/12 (Full Gold-bach Con-jec-ture un-d
er RH)\OT1/cmr/bx/n/12 . \OT1/cmtt/m/it/12 [Lean: GoldbachBridge.rh[]implies[]g
oldbach]\OT1/cmr/m/n/12 Uses:
 []

! Undefined control sequence.
l.670 $\RH \Rightarrow \GoldbachConjecture
                                          $.
The control sequence at the end of the top line
of your error message was never \def'ed. If you have
misspelled it (e.g., `\hobx'), type `I' and the correct
spelling (e.g., `I\hbox'). Otherwise just continue,
and I'll forget about whatever was undefined.


Overfull \hbox (34.77538pt too wide) in paragraph at lines 684--686
\OT1/cmr/bx/n/12 Theorem 4.26 \OT1/cmr/m/n/12 (Mo-to-hashi Im-plies Gold-bach)\
OT1/cmr/bx/n/12 . \OT1/cmtt/m/it/12 [Lean: motohashi[]implies[]goldbach]\OT1/cm
r/m/n/12 Uses:
 []

! Undefined control sequence.
l.688 ...arrow \RH \Rightarrow \GoldbachConjecture
                                                  $.
The control sequence at the end of the top line
of your error message was never \def'ed. If you have
misspelled it (e.g., `\hobx'), type `I' and the correct
spelling (e.g., `I\hbox'). Otherwise just continue,
and I'll forget about whatever was undefined.


Overfull \hbox (24.41064pt too wide) in paragraph at lines 690--694
\OT1/cmr/m/it/12 hashi spec-tral route to RH, 2 ax-ioms) with \OT1/cmtt/m/it/12
 [Lean: GoldbachBridge.rh[]implies[]goldbach]
 []



[9]
Overfull \hbox (56.14275pt too wide) in paragraph at lines 695--698
[]\OT1/cmr/m/n/12 Axioms\OT1/cmr/m/it/12 : \OT1/cmtt/m/it/12 [Lean: selbergMaas
sBasis] \OT1/cmr/m/it/12 (Sel-berg 1956), \OT1/cmtt/m/it/12 [Lean: motohashiOff
LineWitness]
 []


Overfull \hbox (6.55914pt too wide) in paragraph at lines 695--698
\OT1/cmr/m/it/12 (Mo-to-hashi 1993), \OT1/cmtt/m/it/12 [Lean: goldbach[]spiral[
]spectral[]bound] \OT1/cmr/m/it/12 (Hardy-Littlewood 1923,
 []


Overfull \hbox (85.04558pt too wide) in paragraph at lines 708--709
\OT1/cmr/bx/n/12 Theorem 4.27 \OT1/cmr/m/n/12 (Mo-to-hashi Im-plies Gold-bach (
1-Ax-iom))\OT1/cmr/bx/n/12 . \OT1/cmtt/m/it/12 [Lean: motohashi[]implies[]goldb
ach[]1ax] 
 []


Overfull \hbox (214.1555pt too wide) in paragraph at lines 718--720
\OT1/cmr/bx/n/12 Theorem 4.28 \OT1/cmr/m/n/12 (Twin Prime Archimedean Ex-trac-t
ion)\OT1/cmr/bx/n/12 . \OT1/cmtt/m/it/12 [Lean: GoldbachBridge.twin[]prime[]arc
himedean[]extraction]\OT1/cmr/m/n/12 Uses:
 []


Overfull \hbox (42.4736pt too wide) in paragraph at lines 725--732
\OML/cmm/m/it/12 cN \OMS/cmsy/m/n/12 ^^@ \OML/cmm/m/it/12 C[][]\OT1/cmr/m/n/12 
([] \OML/cmm/m/it/12 N\OT1/cmr/m/n/12 )[]$ \OT1/cmr/m/it/12 grows lin-early. Fo
r large $\OML/cmm/m/it/12 N$ \OT1/cmr/m/it/12 (ex-tracted via \OT1/cmtt/m/it/12
 isLittleO[]log[]rpow[]rpow[]atTop\OT1/cmr/m/it/12 ):
 []


Overfull \hbox (197.19875pt too wide) in paragraph at lines 736--738
\OT1/cmr/bx/n/12 Theorem 4.29 \OT1/cmr/m/n/12 (In-finitely Many Twin Primes (Ci
r-cle Method Route))\OT1/cmr/bx/n/12 . \OT1/cmtt/m/it/12 [Lean: GoldbachBridge.
twin[]primes[]circle]\OT1/cmr/m/n/12 Uses:
 []


Overfull \hbox (16.8894pt too wide) in paragraph at lines 741--745
[]\OT1/cmr/m/n/12 Proof sketch. \OT1/cmr/m/it/12 Ap-ply the-o-rem []4.18[] via 
\OT1/cmtt/m/it/12 CircleMethod.twin[]convolution[]linear[]growth
 []



[10]
Overfull \hbox (52.91234pt too wide) in paragraph at lines 796--797
\OT1/cmr/bx/n/12 Definition 5.5 \OT1/cmr/m/n/12 (Hardy-Lit-tle-wood Con-stant $
\OML/cmm/m/it/12 C[]$\OT1/cmr/m/n/12 )\OT1/cmr/bx/n/12 . \OT1/cmtt/m/n/12 [Lean
: PrimeGapBridge.hardyLittlewoodC2] 
 []


Overfull \hbox (20.38533pt too wide) in paragraph at lines 817--818
\OT1/cmr/bx/n/12 Definition 5.7 \OT1/cmr/m/n/12 (Twin Pair Cor-re-la-tion)\OT1/
cmr/bx/n/12 . \OT1/cmtt/m/n/12 [Lean: PrimeGapBridge.twinPairCorrelation] 
 []


Overfull \hbox (112.48836pt too wide) in paragraph at lines 848--849
\OT1/cmr/bx/n/12 Axiom 5.10 \OT1/cmr/m/n/12 (Pair Spi-ral De-tects Small Gaps)\
OT1/cmr/bx/n/12 . \OT1/cmtt/m/n/12 [Lean: PrimeGapBridge.pair[]spiral[]detects[
]small[]gaps] 
 []


Overfull \hbox (101.8803pt too wide) in paragraph at lines 864--866
\OT1/cmr/bx/n/12 Theorem 5.11 \OT1/cmr/m/n/12 (RH Im-plies Small Prime Gaps)\OT
1/cmr/bx/n/12 . \OT1/cmtt/m/it/12 [Lean: PrimeGapBridge.rh[]implies[]small[]gap
s]\OT1/cmr/m/n/12 Uses:
 []



[11]
Overfull \hbox (172.97253pt too wide) in paragraph at lines 879--880
\OT1/cmr/bx/n/12 Theorem 5.12 \OT1/cmr/m/n/12 (Prime Power Pair Con-tri-bu-tion
 is Sub-lin-ear)\OT1/cmr/bx/n/12 . \OT1/cmtt/m/it/12 [Lean: PrimeGapBridge.prim
e[]power[]pair[]sublinear] 
 []


Overfull \hbox (184.635pt too wide) in paragraph at lines 897--899
\OT1/cmr/bx/n/12 Theorem 5.13 \OT1/cmr/m/n/12 (RH Im-plies Twin Primes --- Taub
e-rian Route)\OT1/cmr/bx/n/12 . \OT1/cmtt/m/it/12 [Lean: PrimeGapBridge.rh[]imp
lies[]twin[]primes]\OT1/cmr/m/n/12 Uses:
 []


Overfull \hbox (11.19063pt too wide) in paragraph at lines 900--902
[]\OT1/cmr/m/n/12 (Note: the RH hy-poth-e-sis is not used in the proof body.) $
\OMS/cmsy/m/n/12 8\OML/cmm/m/it/12 N;  \OMS/cmsy/m/n/12 9 \OML/cmm/m/it/12 p \O
MS/cmsy/m/n/12 ^^U \OML/cmm/m/it/12 N;  []\OT1/cmr/m/n/12 (\OML/cmm/m/it/12 p\O
T1/cmr/m/n/12 )$\OT1/cmr/m/it/12 . 
 []


Overfull \hbox (117.77184pt too wide) in paragraph at lines 910--912
\OT1/cmr/bx/n/12 Theorem 5.14 \OT1/cmr/m/n/12 (Twin Primes Un-con-di-tional)\OT
1/cmr/bx/n/12 . \OT1/cmtt/m/it/12 [Lean: PrimeGapBridge.twin[]primes[]unconditi
onal]\OT1/cmr/m/n/12 Uses:
 []


Overfull \hbox (9.51462pt too wide) in paragraph at lines 948--949
\OT1/cmr/bx/n/12 Definition 6.3 \OT1/cmr/m/n/12 (Pair Dirich-let Se-ries)\OT1/c
mr/bx/n/12 . \OT1/cmtt/m/n/12 [Lean: PairSeriesPole.pairDirichletSeries] 
 []


Overfull \hbox (67.32361pt too wide) in paragraph at lines 957--958
\OT1/cmr/bx/n/12 Theorem 6.4 \OT1/cmr/m/n/12 (Pair Se-ries Summable for $\OML/c
mm/m/it/12 s > \OT1/cmr/m/n/12 1$)\OT1/cmr/bx/n/12 . \OT1/cmtt/m/it/12 [Lean: P
airSeriesPole.pair[]series[]summable] 
 []



[12]
Overfull \hbox (22.1643pt too wide) in paragraph at lines 980--981
\OT1/cmr/bx/n/12 Lemma 6.6 \OT1/cmr/m/n/12 (Twin Fac-tor Log Bound)\OT1/cmr/bx/
n/12 . \OT1/cmtt/m/it/12 [Lean: PairSeriesPole.twinFactor[]log[]bound] 
 []


Overfull \hbox (98.84834pt too wide) in paragraph at lines 988--990
\OT1/cmr/bx/n/12 Theorem 6.7 \OT1/cmr/m/n/12 (Twin Fac-tor Log Summable)\OT1/cm
r/bx/n/12 . \OT1/cmtt/m/it/12 [Lean: PairSeriesPole.twinFactor[]log[]summable]\
OT1/cmr/m/n/12 Uses:
 []


Overfull \hbox (109.61755pt too wide) in paragraph at lines 1000--1002
\OT1/cmr/bx/n/12 Theorem 6.8 \OT1/cmr/m/n/12 (Twin Prime Con-stant Pos-i-tive)\
OT1/cmr/bx/n/12 . \OT1/cmtt/m/it/12 [Lean: PairSeriesPole.twin[]prime[]constant
[]pos]\OT1/cmr/m/n/12 Uses:
 []


Overfull \hbox (69.61986pt too wide) in paragraph at lines 1005--1008
[]\OT1/cmr/m/n/12 Proof sketch. \OT1/cmr/m/it/12 By the-o-rem []6.7[], the prod
-uct is mul-ti-pli-able (\OT1/cmtt/m/it/12 Real.multipliable[]of[]summable[]log
'\OT1/cmr/m/it/12 ),
 []


Overfull \hbox (200.79953pt too wide) in paragraph at lines 1014--1015
\OT1/cmr/bx/n/12 Axiom 6.9 \OT1/cmr/m/n/12 (Hardy-Lit-tle-wood Pair Asymp-totic
 (Pair Se-ries Pole))\OT1/cmr/bx/n/12 . \OT1/cmtt/m/n/12 [Lean: PairSeriesPole.
pair[]partial[]sum[]asymptotic] 
 []


Overfull \hbox (53.60292pt too wide) in paragraph at lines 1022--1024
\OT1/cmr/bx/n/12 Theorem 6.10 \OT1/cmr/m/n/12 (Pair Se-ries Residue)\OT1/cmr/bx
/n/12 . \OT1/cmtt/m/it/12 [Lean: PairSeriesPole.pair[]series[]residue[]eq]\OT1/
cmr/m/n/12 Uses:
 []


Overfull \hbox (259.7721pt too wide) in paragraph at lines 1029--1035
[]\OT1/cmr/m/n/12 Proof sketch. \OT1/cmr/m/it/12 Ap-ply the com-plex Abelian th
e-o-rem from Math-lib (\OT1/cmtt/m/it/12 LSeries[]tendsto[]sub[]mul[]nhds[]one[
]of[]tendsto[]sum[]div[]and[]nonneg\OT1/cmr/m/it/12 )
 []


Overfull \hbox (42.43227pt too wide) in paragraph at lines 1039--1041
\OT1/cmr/bx/n/12 Theorem 6.11 \OT1/cmr/m/n/12 (Pair Se-ries Pole at $\OML/cmm/m
/it/12 s \OT1/cmr/m/n/12 = 1$)\OT1/cmr/bx/n/12 . \OT1/cmtt/m/it/12 [Lean: PairS
eriesPole.pair[]series[]pole]\OT1/cmr/m/n/12 Uses:
 []

! Undefined control sequence.
<recently read> \nhdsWithin 
                            
l.1043 ...) \to A$ as $s \to 1^+$ (in $\nhdsWithin
                                                  \, 1\, (1,\infty)$).
The control sequence at the end of the top line
of your error message was never \def'ed. If you have
misspelled it (e.g., `\hobx'), type `I' and the correct
spelling (e.g., `I\hbox'). Otherwise just continue,
and I'll forget about whatever was undefined.


Overfull \hbox (35.96294pt too wide) in paragraph at lines 1059--1060
\OT1/cmr/bx/n/12 Theorem 7.1 \OT1/cmr/m/n/12 (Lan-dau Taube-rian The-o-rem)\OT1
/cmr/bx/n/12 . \OT1/cmtt/m/it/12 [Lean: LandauTauberian.landau[]tauberian] 
 []



[13]
Overfull \hbox (199.92918pt too wide) in paragraph at lines 1084--1086
\OT1/cmr/bx/n/12 Theorem 7.2 \OT1/cmr/m/n/12 (Lan-dau Taube-rian Lin-ear Lower 
Bound)\OT1/cmr/bx/n/12 . \OT1/cmtt/m/it/12 [Lean: LandauTauberian.landau[]taube
rian[]linear[]lower]\OT1/cmr/m/n/12 Uses:
 []


Overfull \hbox (197.49048pt too wide) in paragraph at lines 1104--1106
\OT1/cmr/bx/n/12 Theorem 8.1 \OT1/cmr/m/n/12 (Pair Cor-re-la-tion Asymp-totic)\
OT1/cmr/bx/n/12 . \OT1/cmtt/m/it/12 [Lean: PairCorrelationAsymptotic.pair[]corr
elation[]asymptotic]\OT1/cmr/m/n/12 Uses:
 []


Overfull \hbox (245.20517pt too wide) in paragraph at lines 1124--1126
\OT1/cmr/bx/n/12 Theorem 8.2 \OT1/cmr/m/n/12 (Pair Cor-re-la-tion Lin-ear Lower
 Bound)\OT1/cmr/bx/n/12 . \OT1/cmtt/m/it/12 [Lean: PairCorrelationAsymptotic.pa
ir[]correlation[]lower[]bound]\OT1/cmr/m/n/12 Uses:
 []


Overfull \hbox (21.54489pt too wide) in paragraph at lines 1140--1142
\OT1/cmr/bx/n/12 Theorem 9.1 \OT1/cmr/m/n/12 (Twin Primes)\OT1/cmr/bx/n/12 . \O
T1/cmtt/m/it/12 [Lean: twin[]primes]\OT1/cmr/m/n/12 Uses: thm:twin-primes-uncon
ditional. 
 []


Overfull \hbox (73.57515pt too wide) in paragraph at lines 1147--1151
\OT1/cmr/m/it/12 o-rem []5.13[] af-ter con-vert-ing the co-or-di-na-tion hy-pot
h-e-sis to RH via \OT1/cmtt/m/it/12 EntangledPair.riemann[]hypothesis\OT1/cmr/m
/it/12 . 
 []


Overfull \hbox (328.6341pt too wide) detected at line 1170
[]  \OT1/cmr/m/n/12 +  []  =[]\OMS/cmsy/m/n/12 )  []  \OT1/cmr/m/n/12 =[]\OMS/c
msy/m/n/12 )  []  \OT1/cmr/m/n/12 =[]\OMS/cmsy/m/n/12 )  []\OML/cmm/m/it/12 :
 []



[14]
Overfull \hbox (69.5293pt too wide) detected at line 1184
[]  \OT1/cmr/m/n/12 +  []  =[]\OMS/cmsy/m/n/12 )  []  \OT1/cmr/m/n/12 =[]\OMS/c
msy/m/n/12 )  []  \OT1/cmr/m/n/12 =[]\OMS/cmsy/m/n/12 )  []\OML/cmm/m/it/12 :
 []


Overfull \hbox (105.33794pt too wide) detected at line 1198
[]  \OT1/cmr/m/n/12 =[]\OMS/cmsy/m/n/12 )[]  []\OML/cmm/m/it/12 F\OT1/cmr/m/n/1
2 (\OML/cmm/m/it/12 s\OT1/cmr/m/n/12 )  =[]\OMS/cmsy/m/n/12 )[]  []  \OT1/cmr/m
/n/12 =[]\OMS/cmsy/m/n/12 )[]  []\OML/cmm/m/it/12 :
 []


Overfull \hbox (46.62987pt too wide) in paragraph at lines 1223--1238
 [] 
 []



[15] (./blueprint_grh_primes.aux)
 ***********
LaTeX2e <2025-06-01> patch level 1
L3 programming layer <2025-07-20>
 ***********


LaTeX Warning: There were undefined references.

Package rerunfilecheck Info: File `blueprint_grh_primes.out' has not changed.
(rerunfilecheck)             Checksum: C0D8D4BE521EC4F51171DF542B349F33;7192.
 ) 
Here is how much of TeX's memory you used:
 11426 strings out of 467801
 186629 string characters out of 5431917
 620430 words of memory out of 5000000
 39840 multiletter control sequences out of 15000+600000
 640624 words of font info for 94 fonts, out of 8000000 for 9000
 1141 hyphenation exceptions out of 8191
 75i,16n,79p,459b,552s stack positions out of 10000i,1000n,20000p,200000b,200000s
</usr/local/texlive/2025/texmf-dist/fonts/type1/public/amsfonts/cm/cmbx12.pfb
></usr/local/texlive/2025/texmf-dist/fonts/type1/public/amsfonts/cm/cmbxti10.pf
b></usr/local/texlive/2025/texmf-dist/fonts/type1/public/amsfonts/cm/cmex10.pfb
></usr/local/texlive/2025/texmf-dist/fonts/type1/public/amsfonts/cm/cmitt10.pfb
></usr/local/texlive/2025/texmf-dist/fonts/type1/public/amsfonts/cm/cmmi12.pfb>
</usr/local/texlive/2025/texmf-dist/fonts/type1/public/amsfonts/cm/cmmi6.pfb></
usr/local/texlive/2025/texmf-dist/fonts/type1/public/amsfonts/cm/cmmi8.pfb></us
r/local/texlive/2025/texmf-dist/fonts/type1/public/amsfonts/cm/cmr12.pfb></usr/
local/texlive/2025/texmf-dist/fonts/type1/public/amsfonts/cm/cmr17.pfb></usr/lo
cal/texlive/2025/texmf-dist/fonts/type1/public/amsfonts/cm/cmr6.pfb></usr/local
/texlive/2025/texmf-dist/fonts/type1/public/amsfonts/cm/cmr8.pfb></usr/local/te
xlive/2025/texmf-dist/fonts/type1/public/amsfonts/cm/cmsy10.pfb></usr/local/tex
live/2025/texmf-dist/fonts/type1/public/amsfonts/cm/cmsy8.pfb></usr/local/texli
ve/2025/texmf-dist/fonts/type1/public/amsfonts/cm/cmti12.pfb></usr/local/texliv
e/2025/texmf-dist/fonts/type1/public/amsfonts/cm/cmti8.pfb></usr/local/texlive/
2025/texmf-dist/fonts/type1/public/amsfonts/cm/cmtt12.pfb></usr/local/texlive/2
025/texmf-dist/fonts/type1/public/amsfonts/euler/eufm10.pfb></usr/local/texlive
/2025/texmf-dist/fonts/type1/public/amsfonts/symbols/msbm10.pfb></usr/local/tex
live/2025/texmf-dist/fonts/type1/public/cm-super/sfrm1200.pfb>
Output written on blueprint_grh_primes.pdf (15 pages, 282975 bytes).
PDF statistics:
 481 PDF objects out of 1000 (max. 8388607)
 421 compressed objects within 5 object streams
 126 named destinations out of 1000 (max. 500000)
 281 words of extra memory for PDF output out of 10000 (max. 10000000)

