This is pdfTeX, Version 3.141592653-2.6-1.40.28 (TeX Live 2025) (preloaded format=pdflatex 2025.8.6)  24 FEB 2026 11:30
entering extended mode
 restricted \write18 enabled.
 %&-line parsing enabled.
**blueprint_ns.tex
(./blueprint_ns.tex
LaTeX2e <2025-06-01> patch level 1
L3 programming layer <2025-07-20>
(/usr/local/texlive/2025/texmf-dist/tex/latex/base/article.cls
Document Class: article 2025/01/22 v1.4n Standard LaTeX document class
(/usr/local/texlive/2025/texmf-dist/tex/latex/base/size12.clo
File: size12.clo 2025/01/22 v1.4n Standard LaTeX file (size option)
)
\c@part=\count275
\c@section=\count276
\c@subsection=\count277
\c@subsubsection=\count278
\c@paragraph=\count279
\c@subparagraph=\count280
\c@figure=\count281
\c@table=\count282
\abovecaptionskip=\skip49
\belowcaptionskip=\skip50
\bibindent=\dimen148
)
(/usr/local/texlive/2025/texmf-dist/tex/latex/amsmath/amsmath.sty
Package: amsmath 2025/06/16 v2.17y AMS math features
\@mathmargin=\skip51

For additional information on amsmath, use the `?' option.
(/usr/local/texlive/2025/texmf-dist/tex/latex/amsmath/amstext.sty
Package: amstext 2024/11/17 v2.01 AMS text

(/usr/local/texlive/2025/texmf-dist/tex/latex/amsmath/amsgen.sty
File: amsgen.sty 1999/11/30 v2.0 generic functions
\@emptytoks=\toks17
\ex@=\dimen149
))
(/usr/local/texlive/2025/texmf-dist/tex/latex/amsmath/amsbsy.sty
Package: amsbsy 1999/11/29 v1.2d Bold Symbols
\pmbraise@=\dimen150
)
(/usr/local/texlive/2025/texmf-dist/tex/latex/amsmath/amsopn.sty
Package: amsopn 2022/04/08 v2.04 operator names
)
\inf@bad=\count283
LaTeX Info: Redefining \frac on input line 233.
\uproot@=\count284
\leftroot@=\count285
LaTeX Info: Redefining \overline on input line 398.
LaTeX Info: Redefining \colon on input line 409.
\classnum@=\count286
\DOTSCASE@=\count287
LaTeX Info: Redefining \ldots on input line 495.
LaTeX Info: Redefining \dots on input line 498.
LaTeX Info: Redefining \cdots on input line 619.
\Mathstrutbox@=\box53
\strutbox@=\box54
LaTeX Info: Redefining \big on input line 721.
LaTeX Info: Redefining \Big on input line 722.
LaTeX Info: Redefining \bigg on input line 723.
LaTeX Info: Redefining \Bigg on input line 724.
\big@size=\dimen151
LaTeX Font Info:    Redeclaring font encoding OML on input line 742.
LaTeX Font Info:    Redeclaring font encoding OMS on input line 743.
\macc@depth=\count288
LaTeX Info: Redefining \bmod on input line 904.
LaTeX Info: Redefining \pmod on input line 909.
LaTeX Info: Redefining \smash on input line 939.
LaTeX Info: Redefining \relbar on input line 969.
LaTeX Info: Redefining \Relbar on input line 970.
\c@MaxMatrixCols=\count289
\dotsspace@=\muskip17
\c@parentequation=\count290
\dspbrk@lvl=\count291
\tag@help=\toks18
\row@=\count292
\column@=\count293
\maxfields@=\count294
\andhelp@=\toks19
\eqnshift@=\dimen152
\alignsep@=\dimen153
\tagshift@=\dimen154
\tagwidth@=\dimen155
\totwidth@=\dimen156
\lineht@=\dimen157
\@envbody=\toks20
\multlinegap=\skip52
\multlinetaggap=\skip53
\mathdisplay@stack=\toks21
LaTeX Info: Redefining \[ on input line 2949.
LaTeX Info: Redefining \] on input line 2950.
)
(/usr/local/texlive/2025/texmf-dist/tex/latex/amsfonts/amssymb.sty
Package: amssymb 2013/01/14 v3.01 AMS font symbols

(/usr/local/texlive/2025/texmf-dist/tex/latex/amsfonts/amsfonts.sty
Package: amsfonts 2013/01/14 v3.01 Basic AMSFonts support
\symAMSa=\mathgroup4
\symAMSb=\mathgroup5
LaTeX Font Info:    Redeclaring math symbol \hbar on input line 98.
LaTeX Font Info:    Overwriting math alphabet `\mathfrak' in version `bold'
(Font)                  U/euf/m/n --> U/euf/b/n on input line 106.
))
(/usr/local/texlive/2025/texmf-dist/tex/latex/amscls/amsthm.sty
Package: amsthm 2020/05/29 v2.20.6
\thm@style=\toks22
\thm@bodyfont=\toks23
\thm@headfont=\toks24
\thm@notefont=\toks25
\thm@headpunct=\toks26
\thm@preskip=\skip54
\thm@postskip=\skip55
\thm@headsep=\skip56
\dth@everypar=\toks27
)
(/usr/local/texlive/2025/texmf-dist/tex/latex/hyperref/hyperref.sty
Package: hyperref 2025-07-12 v7.01o Hypertext links for LaTeX

(/usr/local/texlive/2025/texmf-dist/tex/generic/iftex/iftex.sty
Package: iftex 2024/12/12 v1.0g TeX engine tests
)
(/usr/local/texlive/2025/texmf-dist/tex/latex/graphics/keyval.sty
Package: keyval 2022/05/29 v1.15 key=value parser (DPC)
\KV@toks@=\toks28
)
(/usr/local/texlive/2025/texmf-dist/tex/latex/kvsetkeys/kvsetkeys.sty
Package: kvsetkeys 2022-10-05 v1.19 Key value parser (HO)
)
(/usr/local/texlive/2025/texmf-dist/tex/generic/kvdefinekeys/kvdefinekeys.sty
Package: kvdefinekeys 2019-12-19 v1.6 Define keys (HO)
)
(/usr/local/texlive/2025/texmf-dist/tex/generic/pdfescape/pdfescape.sty
Package: pdfescape 2019/12/09 v1.15 Implements pdfTeX's escape features (HO)

(/usr/local/texlive/2025/texmf-dist/tex/generic/ltxcmds/ltxcmds.sty
Package: ltxcmds 2023-12-04 v1.26 LaTeX kernel commands for general use (HO)
)
(/usr/local/texlive/2025/texmf-dist/tex/generic/pdftexcmds/pdftexcmds.sty
Package: pdftexcmds 2020-06-27 v0.33 Utility functions of pdfTeX for LuaTeX (HO
)

(/usr/local/texlive/2025/texmf-dist/tex/generic/infwarerr/infwarerr.sty
Package: infwarerr 2019/12/03 v1.5 Providing info/warning/error messages (HO)
)
Package pdftexcmds Info: \pdf@primitive is available.
Package pdftexcmds Info: \pdf@ifprimitive is available.
Package pdftexcmds Info: \pdfdraftmode found.
))
(/usr/local/texlive/2025/texmf-dist/tex/latex/hycolor/hycolor.sty
Package: hycolor 2020-01-27 v1.10 Color options for hyperref/bookmark (HO)
)
(/usr/local/texlive/2025/texmf-dist/tex/latex/hyperref/nameref.sty
Package: nameref 2025-06-21 v2.57 Cross-referencing by name of section

(/usr/local/texlive/2025/texmf-dist/tex/latex/refcount/refcount.sty
Package: refcount 2019/12/15 v3.6 Data extraction from label references (HO)
)
(/usr/local/texlive/2025/texmf-dist/tex/generic/gettitlestring/gettitlestring.s
ty
Package: gettitlestring 2019/12/15 v1.6 Cleanup title references (HO)
 (/usr/local/texlive/2025/texmf-dist/tex/latex/kvoptions/kvoptions.sty
Package: kvoptions 2022-06-15 v3.15 Key value format for package options (HO)
))
\c@section@level=\count295
)
(/usr/local/texlive/2025/texmf-dist/tex/latex/etoolbox/etoolbox.sty
Package: etoolbox 2025/02/11 v2.5l e-TeX tools for LaTeX (JAW)
\etb@tempcnta=\count296
)
(/usr/local/texlive/2025/texmf-dist/tex/generic/stringenc/stringenc.sty
Package: stringenc 2019/11/29 v1.12 Convert strings between diff. encodings (HO
)
)
\@linkdim=\dimen158
\Hy@linkcounter=\count297
\Hy@pagecounter=\count298

(/usr/local/texlive/2025/texmf-dist/tex/latex/hyperref/pd1enc.def
File: pd1enc.def 2025-07-12 v7.01o Hyperref: PDFDocEncoding definition (HO)
Now handling font encoding PD1 ...
... no UTF-8 mapping file for font encoding PD1
)
(/usr/local/texlive/2025/texmf-dist/tex/generic/intcalc/intcalc.sty
Package: intcalc 2019/12/15 v1.3 Expandable calculations with integers (HO)
)
\Hy@SavedSpaceFactor=\count299

(/usr/local/texlive/2025/texmf-dist/tex/latex/hyperref/puenc.def
File: puenc.def 2025-07-12 v7.01o Hyperref: PDF Unicode definition (HO)
Now handling font encoding PU ...
... no UTF-8 mapping file for font encoding PU
)
Package hyperref Info: Hyper figures OFF on input line 4195.
Package hyperref Info: Link nesting OFF on input line 4200.
Package hyperref Info: Hyper index ON on input line 4203.
Package hyperref Info: Plain pages OFF on input line 4210.
Package hyperref Info: Backreferencing OFF on input line 4215.
Package hyperref Info: Implicit mode ON; LaTeX internals redefined.
Package hyperref Info: Bookmarks ON on input line 4462.
\c@Hy@tempcnt=\count300

(/usr/local/texlive/2025/texmf-dist/tex/latex/url/url.sty
\Urlmuskip=\muskip18
Package: url 2013/09/16  ver 3.4  Verb mode for urls, etc.
)
LaTeX Info: Redefining \url on input line 4801.
\XeTeXLinkMargin=\dimen159

(/usr/local/texlive/2025/texmf-dist/tex/generic/bitset/bitset.sty
Package: bitset 2019/12/09 v1.3 Handle bit-vector datatype (HO)

(/usr/local/texlive/2025/texmf-dist/tex/generic/bigintcalc/bigintcalc.sty
Package: bigintcalc 2019/12/15 v1.5 Expandable calculations on big integers (HO
)
))
\Fld@menulength=\count301
\Field@Width=\dimen160
\Fld@charsize=\dimen161
Package hyperref Info: Hyper figures OFF on input line 6078.
Package hyperref Info: Link nesting OFF on input line 6083.
Package hyperref Info: Hyper index ON on input line 6086.
Package hyperref Info: backreferencing OFF on input line 6093.
Package hyperref Info: Link coloring OFF on input line 6098.
Package hyperref Info: Link coloring with OCG OFF on input line 6103.
Package hyperref Info: PDF/A mode OFF on input line 6108.
\Hy@abspage=\count302
\c@Item=\count303
\c@Hfootnote=\count304
)
Package hyperref Info: Driver (autodetected): hpdftex.

(/usr/local/texlive/2025/texmf-dist/tex/latex/hyperref/hpdftex.def
File: hpdftex.def 2025-07-12 v7.01o Hyperref driver for pdfTeX
\Fld@listcount=\count305
\c@bookmark@seq@number=\count306

(/usr/local/texlive/2025/texmf-dist/tex/latex/rerunfilecheck/rerunfilecheck.sty
Package: rerunfilecheck 2025-06-21 v1.11 Rerun checks for auxiliary files (HO)

(/usr/local/texlive/2025/texmf-dist/tex/generic/uniquecounter/uniquecounter.sty
Package: uniquecounter 2019/12/15 v1.4 Provide unlimited unique counter (HO)
)
Package uniquecounter Info: New unique counter `rerunfilecheck' on input line 2
84.
)
\Hy@SectionHShift=\skip57
) (/usr/local/texlive/2025/texmf-dist/tex/latex/xcolor/xcolor.sty
Package: xcolor 2024/09/29 v3.02 LaTeX color extensions (UK)

(/usr/local/texlive/2025/texmf-dist/tex/latex/graphics-cfg/color.cfg
File: color.cfg 2016/01/02 v1.6 sample color configuration
)
Package xcolor Info: Driver file: pdftex.def on input line 274.

(/usr/local/texlive/2025/texmf-dist/tex/latex/graphics-def/pdftex.def
File: pdftex.def 2024/04/13 v1.2c Graphics/color driver for pdftex
)
(/usr/local/texlive/2025/texmf-dist/tex/latex/graphics/mathcolor.ltx)
Package xcolor Info: Model `cmy' substituted by `cmy0' on input line 1349.
Package xcolor Info: Model `hsb' substituted by `rgb' on input line 1353.
Package xcolor Info: Model `RGB' extended on input line 1365.
Package xcolor Info: Model `HTML' substituted by `rgb' on input line 1367.
Package xcolor Info: Model `Hsb' substituted by `hsb' on input line 1368.
Package xcolor Info: Model `tHsb' substituted by `hsb' on input line 1369.
Package xcolor Info: Model `HSB' substituted by `hsb' on input line 1370.
Package xcolor Info: Model `Gray' substituted by `gray' on input line 1371.
Package xcolor Info: Model `wave' substituted by `hsb' on input line 1372.
)
(/usr/local/texlive/2025/texmf-dist/tex/latex/geometry/geometry.sty
Package: geometry 2020/01/02 v5.9 Page Geometry

(/usr/local/texlive/2025/texmf-dist/tex/generic/iftex/ifvtex.sty
Package: ifvtex 2019/10/25 v1.7 ifvtex legacy package. Use iftex instead.
)
\Gm@cnth=\count307
\Gm@cntv=\count308
\c@Gm@tempcnt=\count309
\Gm@bindingoffset=\dimen162
\Gm@wd@mp=\dimen163
\Gm@odd@mp=\dimen164
\Gm@even@mp=\dimen165
\Gm@layoutwidth=\dimen166
\Gm@layoutheight=\dimen167
\Gm@layouthoffset=\dimen168
\Gm@layoutvoffset=\dimen169
\Gm@dimlist=\toks29
)
(/usr/local/texlive/2025/texmf-dist/tex/latex/booktabs/booktabs.sty
Package: booktabs 2020/01/12 v1.61803398 Publication quality tables
\heavyrulewidth=\dimen170
\lightrulewidth=\dimen171
\cmidrulewidth=\dimen172
\belowrulesep=\dimen173
\belowbottomsep=\dimen174
\aboverulesep=\dimen175
\abovetopsep=\dimen176
\cmidrulesep=\dimen177
\cmidrulekern=\dimen178
\defaultaddspace=\dimen179
\@cmidla=\count310
\@cmidlb=\count311
\@aboverulesep=\dimen180
\@belowrulesep=\dimen181
\@thisruleclass=\count312
\@lastruleclass=\count313
\@thisrulewidth=\dimen182
)
(/usr/local/texlive/2025/texmf-dist/tex/latex/tools/array.sty
Package: array 2025/06/08 v2.6j Tabular extension package (FMi)
\col@sep=\dimen183
\ar@mcellbox=\box55
\extrarowheight=\dimen184
\NC@list=\toks30
\extratabsurround=\skip58
\backup@length=\skip59
\ar@cellbox=\box56
)
(/usr/local/texlive/2025/texmf-dist/tex/latex/enumitem/enumitem.sty
Package: enumitem 2025/02/06 v3.11 Customized lists
\labelindent=\skip60
\enit@outerparindent=\dimen185
\enit@toks=\toks31
\enit@inbox=\box57
\enit@count@id=\count314
\enitdp@description=\count315
)
\c@theorem=\count316

(/usr/local/texlive/2025/texmf-dist/tex/latex/l3backend/l3backend-pdftex.def
File: l3backend-pdftex.def 2025-06-09 L3 backend support: PDF output (pdfTeX)
\l__color_backend_stack_int=\count317
)
No file blueprint_ns.aux.
\openout1 = `blueprint_ns.aux'.

LaTeX Font Info:    Checking defaults for OML/cmm/m/it on input line 55.
LaTeX Font Info:    ... okay on input line 55.
LaTeX Font Info:    Checking defaults for OMS/cmsy/m/n on input line 55.
LaTeX Font Info:    ... okay on input line 55.
LaTeX Font Info:    Checking defaults for OT1/cmr/m/n on input line 55.
LaTeX Font Info:    ... okay on input line 55.
LaTeX Font Info:    Checking defaults for T1/cmr/m/n on input line 55.
LaTeX Font Info:    ... okay on input line 55.
LaTeX Font Info:    Checking defaults for TS1/cmr/m/n on input line 55.
LaTeX Font Info:    ... okay on input line 55.
LaTeX Font Info:    Checking defaults for OMX/cmex/m/n on input line 55.
LaTeX Font Info:    ... okay on input line 55.
LaTeX Font Info:    Checking defaults for U/cmr/m/n on input line 55.
LaTeX Font Info:    ... okay on input line 55.
LaTeX Font Info:    Checking defaults for PD1/pdf/m/n on input line 55.
LaTeX Font Info:    ... okay on input line 55.
LaTeX Font Info:    Checking defaults for PU/pdf/m/n on input line 55.
LaTeX Font Info:    ... okay on input line 55.
Package hyperref Info: Link coloring OFF on input line 55.
\@outlinefile=\write3
\openout3 = `blueprint_ns.out'.

(/usr/local/texlive/2025/texmf-dist/tex/context/base/mkii/supp-pdf.mkii
[Loading MPS to PDF converter (version 2006.09.02).]
\scratchcounter=\count318
\scratchdimen=\dimen186
\scratchbox=\box58
\nofMPsegments=\count319
\nofMParguments=\count320
\everyMPshowfont=\toks32
\MPscratchCnt=\count321
\MPscratchDim=\dimen187
\MPnumerator=\count322
\makeMPintoPDFobject=\count323
\everyMPtoPDFconversion=\toks33
)
*geometry* driver: auto-detecting
*geometry* detected driver: pdftex
*geometry* verbose mode - [ preamble ] result:
* driver: pdftex
* paper: a4paper
* layout: <same size as paper>
* layoutoffset:(h,v)=(0.0pt,0.0pt)
* modes: 
* h-part:(L,W,R)=(71.13188pt, 455.24411pt, 71.13188pt)
* v-part:(T,H,B)=(71.13188pt, 702.78308pt, 71.13188pt)
* \paperwidth=597.50787pt
* \paperheight=845.04684pt
* \textwidth=455.24411pt
* \textheight=702.78308pt
* \oddsidemargin=-1.1381pt
* \evensidemargin=-1.1381pt
* \topmargin=-38.1381pt
* \headheight=12.0pt
* \headsep=25.0pt
* \topskip=12.0pt
* \footskip=30.0pt
* \marginparwidth=35.0pt
* \marginparsep=10.0pt
* \columnsep=10.0pt
* \skip\footins=10.8pt plus 4.0pt minus 2.0pt
* \hoffset=0.0pt
* \voffset=0.0pt
* \mag=1000
* \@twocolumnfalse
* \@twosidefalse
* \@mparswitchfalse
* \@reversemarginfalse
* (1in=72.27pt=25.4mm, 1cm=28.453pt)

LaTeX Font Info:    Trying to load font information for U+msa on input line 58.

(/usr/local/texlive/2025/texmf-dist/tex/latex/amsfonts/umsa.fd
File: umsa.fd 2013/01/14 v3.01 AMS symbols A
)
LaTeX Font Info:    Trying to load font information for U+msb on input line 58.


(/usr/local/texlive/2025/texmf-dist/tex/latex/amsfonts/umsb.fd
File: umsb.fd 2013/01/14 v3.01 AMS symbols B
)
No file blueprint_ns.toc.
\tf@toc=\write4
\openout4 = `blueprint_ns.toc'.



[1

{/usr/local/texlive/2025/texmf-var/fonts/map/pdftex/updmap/pdftex.map}]
Overfull \hbox (4.89417pt too wide) in paragraph at lines 69--72
[]\OT1/cmr/m/n/12 The equidis-tri-bu-tion can-cel-la-tion mech-a-nism: if vor-t
ic-ity align-ment is equidis-tributed
 []


Overfull \hbox (168.87921pt too wide) in paragraph at lines 91--93
[]\OT1/cmr/bx/n/12 Unconditional\OT1/cmr/m/n/12 : 3 lit-er-a-ture ax-ioms (Lera
y, BKM, CZ) + 1 key open step ([]\OT1/cmtt/m/n/12 incompressibility[]equidistri
bution[]\OT1/cmr/m/n/12 ). 
 []



[2{/usr/local/texlive/2025/texmf-dist/fonts/enc/dvips/cm-super/cm-super-ts1.enc
}]
Overfull \hbox (42.296pt too wide) in paragraph at lines 136--137
[][]\OT1/cmr/bx/n/12 Theorem 1.3 \OT1/cmr/m/n/12 (Com-press-ible Fragility)\OT1
/cmr/bx/n/12 . [][]\OT1/cmtt/m/it/12 NavierStokes.strain[]unconstrained[]allows
[]blowup[] 
 []


Overfull \hbox (110.27017pt too wide) in paragraph at lines 162--163
[][]\OT1/cmr/bx/n/12 Theorem 2.2 \OT1/cmr/m/n/12 (Trace-Free Max-i-mum Eigen-va
lue Bound)\OT1/cmr/bx/n/12 . [][]\OT1/cmtt/m/it/12 NavierStokes.trace[]free[]ma
x[]eigenvalue[]bound[] 
 []


Overfull \hbox (63.99026pt too wide) in paragraph at lines 178--179
[][]\OT1/cmr/bx/n/12 Theorem 2.3 \OT1/cmr/m/n/12 (Pos-i-tive Stretch-ing Im-pli
es Com-pres-sion)\OT1/cmr/bx/n/12 . [][]\OT1/cmtt/m/it/12 NavierStokes.trace[]f
ree[]compensation[] 
 []



[3]
Overfull \hbox (2.05301pt too wide) in paragraph at lines 215--216
[][]\OT1/cmr/bx/n/12 Axiom 3.2 \OT1/cmr/m/n/12 (Ler-ay--Hopf Ex-is-tence (Leray
 1934))\OT1/cmr/bx/n/12 . [][]\OT1/cmtt/m/n/12 NavierStokes.leray[]hopf[]existe
nce[] 
 []


Overfull \hbox (60.08746pt too wide) in paragraph at lines 223--224
[][]\OT1/cmr/bx/n/12 Axiom 3.3 \OT1/cmr/m/n/12 (En-ergy Con-trols En-stro-phy (
Leray 1934))\OT1/cmr/bx/n/12 . [][]\OT1/cmtt/m/n/12 NavierStokes.energy[]contro
ls[]enstrophy[] 
 []


Overfull \hbox (71.12688pt too wide) in paragraph at lines 232--233
[][]\OT1/cmr/bx/n/12 Axiom 3.4 \OT1/cmr/m/n/12 (Calder^^Son--Zygmund for Di-ver
-gence-Free Fields (1952))\OT1/cmr/bx/n/12 . [][]\OT1/cmtt/m/n/12 NavierStokes.
calderon[]zygmund[] 
 []


Overfull \hbox (15.96114pt too wide) in paragraph at lines 234--239
[]\OT1/cmr/m/it/12 Uses: ax:NSSolution.  \OT1/cmr/m/n/12 For $\OMS/cmsy/m/n/12 
^^D$\OT1/cmr/m/n/12 -free $\OML/cmm/m/it/12 u$\OT1/cmr/m/n/12 : $\OMS/cmsy/m/n/
12 9 \OML/cmm/m/it/12 C[] > \OT1/cmr/m/n/12 0$ with $[](\OML/cmm/m/it/12 t\OT1/
cmr/m/n/12 ) \OMS/cmsy/m/n/12 ^^T \OML/cmm/m/it/12 C[] \OMS/cmsy/m/n/12 ^^A []\
OT1/cmr/m/n/12 (\OML/cmm/m/it/12 t\OT1/cmr/m/n/12 )$.
 []


Overfull \hbox (10.03465pt too wide) in paragraph at lines 251--252
[][]\OT1/cmr/bx/n/12 Axiom 3.6 \OT1/cmr/m/n/12 (Strain Trace-Free from In-com-p
ress-ibil-ity)\OT1/cmr/bx/n/12 . [][]\OT1/cmtt/m/n/12 NavierStokes.strain[]trac
e[]free[] 
 []


Overfull \hbox (233.53171pt too wide) in paragraph at lines 260--261
[][]\OT1/cmr/bx/n/12 Axiom 3.7 \OT1/cmr/m/n/12 (Vor-tic-ity Equidis-tri-bu-tion
 Bound (\OT1/cmr/bx/n/12 THE KEY OPEN STEP\OT1/cmr/m/n/12 ))\OT1/cmr/bx/n/12 . 
[][]\OT1/cmtt/m/n/12 NavierStokes.incompressibility[]equidistribution[] 
 []


Overfull \hbox (118.962pt too wide) in paragraph at lines 287--288
[][]\OT1/cmr/bx/n/12 Theorem 4.1 \OT1/cmr/m/n/12 (Equidis-tributed Stretch-ing 
Van-ishes)\OT1/cmr/bx/n/12 . [][]\OT1/cmtt/m/it/12 NavierStokes.equidistributed
[]stretching[]vanishes[] 
 []



[4]
! Undefined control sequence.
<recently read> \tr 
                    
l.302 Incompressibility ($\tr
                              S = 0$) kills equidistributed stretching exactly.
The control sequence at the end of the top line
of your error message was never \def'ed. If you have
misspelled it (e.g., `\hobx'), type `I' and the correct
spelling (e.g., `I\hbox'). Otherwise just continue,
and I'll forget about whatever was undefined.


Overfull \hbox (17.54355pt too wide) in paragraph at lines 308--309
[][]\OT1/cmr/bx/n/12 Theorem 4.2 \OT1/cmr/m/n/12 (Both In-gre-di-ents Nec-es-sa
ry)\OT1/cmr/bx/n/12 . [][]\OT1/cmtt/m/it/12 NavierStokes.both[]ingredients[]nec
essary[] 
 []

! Missing $ inserted.
<inserted text> 
                $
l.310 ...{thm:equidistributed_stretching_vanishes}
                                                  
I've inserted a begin-math/end-math symbol since I think
you left one out. Proceed, with fingers crossed.

! Extra }, or forgotten $.
<recently read> \egroup 
                        
l.310 ...{thm:equidistributed_stretching_vanishes}
                                                  
I've deleted a group-closing symbol because it seems to be
spurious, as in `$x}$'. But perhaps the } is legitimate and
you forgot something else, as in `\hbox{$x}'. In such cases
the way to recover is to insert both the forgotten and the
deleted material, e.g., by typing `I$}'.

! Missing $ inserted.
<inserted text> 
                $
l.311 \begin{enumerate}[noitemsep]
                                  
I've inserted a begin-math/end-math symbol since I think
you left one out. Proceed, with fingers crossed.

! Missing } inserted.
<inserted text> 
                }
l.311 \begin{enumerate}[noitemsep]
                                  
I've inserted something that you may have forgotten.
(See the <inserted text> above.)
With luck, this will get me unwedged. But if you
really didn't forget anything, try typing `2' now; then
my insertion and my current dilemma will both disappear.

! Missing \endgroup inserted.
<inserted text> 
                \endgroup 
l.311 \begin{enumerate}[noitemsep]
                                  
I've inserted something that you may have forgotten.
(See the <inserted text> above.)
With luck, this will get me unwedged. But if you
really didn't forget anything, try typing `2' now; then
my insertion and my current dilemma will both disappear.

! Undefined control sequence.
\enit@enumerate@i ...nit@negwidth }\enit@keyfirst 
                                                  \fi 
l.311 \begin{enumerate}[noitemsep]
                                  
The control sequence at the end of the top line
of your error message was never \def'ed. If you have
misspelled it (e.g., `\hobx'), type `I' and the correct
spelling (e.g., `I\hbox'). Otherwise just continue,
and I'll forget about whatever was undefined.

! Undefined control sequence.
<recently read> \tr 
                    
l.317 ...da_2 = \lambda_3 = 1$ (compressible, $\tr
                                                   S = 3$):
The control sequence at the end of the top line
of your error message was never \def'ed. If you have
misspelled it (e.g., `\hobx'), type `I' and the correct
spelling (e.g., `I\hbox'). Otherwise just continue,
and I'll forget about whatever was undefined.

! Undefined control sequence.
\enit@endenumerate ->\enit@after 
                                 \endlist \ifx \enit@series \relax \else \if...
l.319 \end{enumerate}
                     
The control sequence at the end of the top line
of your error message was never \def'ed. If you have
misspelled it (e.g., `\hobx'), type `I' and the correct
spelling (e.g., `I\hbox'). Otherwise just continue,
and I'll forget about whatever was undefined.

! Undefined control sequence.
\enit@endenumerate ...\else \ifnum \enit@resuming 
                                                  =\@ne \enit@setresumekeys ...
l.319 \end{enumerate}
                     
The control sequence at the end of the top line
of your error message was never \def'ed. If you have
misspelled it (e.g., `\hobx'), type `I' and the correct
spelling (e.g., `I\hbox'). Otherwise just continue,
and I'll forget about whatever was undefined.

! Missing number, treated as zero.
<to be read again> 
                   =
l.319 \end{enumerate}
                     
A number should have been here; I inserted `0'.
(If you can't figure out why I needed to see a number,
look up `weird error' in the index to The TeXbook.)

! Undefined control sequence.
\enit@setresumekeys ...xpandafter {\enit@savekeys 
                                                  }\xdef \enit@afterlist {#2...
l.319 \end{enumerate}
                     
The control sequence at the end of the top line
of your error message was never \def'ed. If you have
misspelled it (e.g., `\hobx'), type `I' and the correct
spelling (e.g., `I\hbox'). Otherwise just continue,
and I'll forget about whatever was undefined.

! Undefined control sequence.
\enit@endenumerate ...t \fi \ifnum \enit@resuming 
                                                  =\thr@@ \enit@setresumekey...
l.319 \end{enumerate}
                     
The control sequence at the end of the top line
of your error message was never \def'ed. If you have
misspelled it (e.g., `\hobx'), type `I' and the correct
spelling (e.g., `I\hbox'). Otherwise just continue,
and I'll forget about whatever was undefined.

! Missing number, treated as zero.
<to be read again> 
                   =
l.319 \end{enumerate}
                     
A number should have been here; I inserted `0'.
(If you can't figure out why I needed to see a number,
look up `weird error' in the index to The TeXbook.)

! Undefined control sequence.
\enit@setresumekeys ...xpandafter {\enit@savekeys 
                                                  }\xdef \enit@afterlist {#2...
l.319 \end{enumerate}
                     
The control sequence at the end of the top line
of your error message was never \def'ed. If you have
misspelled it (e.g., `\hobx'), type `I' and the correct
spelling (e.g., `I\hbox'). Otherwise just continue,
and I'll forget about whatever was undefined.


! LaTeX Error: \begin{theorem} on input line 307 ended by \end{enumerate}.

See the LaTeX manual or LaTeX Companion for explanation.
Type  H <return>  for immediate help.
 ...                                              
                                                  
l.319 \end{enumerate}
                     
Your command was ignored.
Type  I <command> <return>  to replace it with another command,
or  <return>  to continue without it.


! LaTeX Error: \begin{document} ended by \end{theorem}.

See the LaTeX manual or LaTeX Companion for explanation.
Type  H <return>  for immediate help.
 ...                                              
                                                  
l.320 \end{theorem}
                   
Your command was ignored.
Type  I <command> <return>  to replace it with another command,
or  <return>  to continue without it.

! Extra \endgroup.
\end  ...end#1\endcsname \@checkend {#1}\endgroup 
                                                  \UseHook {env/#1/after}\if...
l.320 \end{theorem}
                   
Things are pretty mixed up, but I think the worst is over.


Overfull \hbox (0.12021pt too wide) in paragraph at lines 356--357
[][]\OT1/cmr/bx/n/12 Theorem 5.3 \OT1/cmr/m/n/12 (Crit-i-cal Cir-cle is Nonempt
y)\OT1/cmr/bx/n/12 . [][]\OT1/cmtt/m/it/12 NavierStokes.criticalCircle[]nonempt
y[] 
 []


Overfull \hbox (12.20757pt too wide) in paragraph at lines 358--361
[]\OT1/cmr/m/it/12 Uses: def:criticalCircle.  For $\OML/cmm/m/it/12 r > \OT1/cm
r/m/n/12 0$\OT1/cmr/m/it/12 : $\OMS/cmsy/m/n/12 C[] 6\OT1/cmr/m/n/12 = \OMS/cms
y/m/n/12 ;$\OT1/cmr/m/it/12 . Wit-ness: $\OT1/cmr/m/n/12 (\OML/cmm/m/it/12 r[];
  \OMS/cmsy/m/n/12 ^^@\OML/cmm/m/it/12 r[]=\OT1/cmr/m/n/12 2\OML/cmm/m/it/12 ; 
 \OMS/cmsy/m/n/12 ^^@\OML/cmm/m/it/12 r[]=\OT1/cmr/m/n/12 2)$\OT1/cmr/m/it/12 .
 
 []


Overfull \hbox (118.13544pt too wide) in paragraph at lines 365--366
[][]\OT1/cmr/bx/n/12 Theorem 5.4 \OT1/cmr/m/n/12 (Max-i-mum Eigen-value Bounded
 on Crit-i-cal Cir-cle)\OT1/cmr/bx/n/12 . [][]\OT1/cmtt/m/it/12 NavierStokes.cr
itical[]circle[]max[]bound[] 
 []

! Missing $ inserted.
<inserted text> 
                $
l.367 ...cle, thm:trace_free_max_eigenvalue_bound}
                                                  
I've inserted a begin-math/end-math symbol since I think
you left one out. Proceed, with fingers crossed.

! Extra }, or forgotten $.
<recently read> \egroup 
                        
l.367 ...cle, thm:trace_free_max_eigenvalue_bound}
                                                  
I've deleted a group-closing symbol because it seems to be
spurious, as in `$x}$'. But perhaps the } is legitimate and
you forgot something else, as in `\hbox{$x}'. In such cases
the way to recover is to insert both the forgotten and the
deleted material, e.g., by typing `I$}'.

! Missing $ inserted.
<inserted text> 
                $
l.368 For $(v_
              1,v_2,v_3) \in \mathcal{C}_r$:
I've inserted a begin-math/end-math symbol since I think
you left one out. Proceed, with fingers crossed.


Overfull \hbox (62.35185pt too wide) in paragraph at lines 367--370
[]\OT1/cmr/m/it/12 Uses: def:criticalCircle, thm:trace$[]\OML/cmm/m/it/12 ree[]
ax[]igenvalue[]ound: For$\OT1/cmr/m/it/12 (v$[]\OML/cmm/m/it/12 ; v[]; v[]\OT1/
cmr/m/n/12 ) \OMS/cmsy/m/n/12 2 C[]$\OT1/cmr/m/it/12 : $[]\OT1/cmr/m/n/12 (\OML
/cmm/m/it/12 v[]; v[]; v[]\OT1/cmr/m/n/12 )[] \OMS/cmsy/m/n/12 ^^T
 []

! Missing } inserted.
<inserted text> 
                }
l.374 \end{theorem}
                   
I've inserted something that you may have forgotten.
(See the <inserted text> above.)
With luck, this will get me unwedged. But if you
really didn't forget anything, try typing `2' now; then
my insertion and my current dilemma will both disappear.


Overfull \hbox (48.7224pt too wide) in paragraph at lines 377--378
[][]\OT1/cmr/bx/n/12 Theorem 5.5 \OT1/cmr/m/n/12 (Com-press-ible Es-capes the C
ir-cle)\OT1/cmr/bx/n/12 . [][]\OT1/cmtt/m/it/12 NavierStokes.compressible[]esca
pes[]circle[] 
 []


Overfull \hbox (70.49991pt too wide) in paragraph at lines 392--393
[][]\OT1/cmr/bx/n/12 Theorem 6.1 \OT1/cmr/m/n/12 (Stokes Spec-tral Gap via the 
Ro-ta-tion Prin-ci-ple)\OT1/cmr/bx/n/12 . [][]\OT1/cmtt/m/it/12 NavierStokes.st
okes[]spectral[]gap[] 
 []



[5]
! Missing $ inserted.
<inserted text> 
                $
l.394 \uses{thm:spectral_gap_2homogeneous}
                                          
I've inserted a begin-math/end-math symbol since I think
you left one out. Proceed, with fingers crossed.

! Extra }, or forgotten $.
<recently read> \egroup 
                        
l.394 \uses{thm:spectral_gap_2homogeneous}
                                          
I've deleted a group-closing symbol because it seems to be
spurious, as in `$x}$'. But perhaps the } is legitimate and
you forgot something else, as in `\hbox{$x}'. In such cases
the way to recover is to insert both the forgotten and the
deleted material, e.g., by typing `I$}'.

! Missing $ inserted.
<inserted text> 
                $
l.395 Let $T : V \to
                    _\RR V$ be a self-adjoint ($\inner{x}{Ty} = \inner{Tx}{y...
I've inserted a begin-math/end-math symbol since I think
you left one out. Proceed, with fingers crossed.


Overfull \hbox (83.34189pt too wide) in paragraph at lines 401--407
\OT1/cmr/m/it/12 (self-adjointness), $\OT1/cmr/m/n/12 2$\OT1/cmr/m/it/12 -homog
eneous, and pos-i-tive on $\OML/cmm/m/it/12 V \OMS/cmsy/m/n/12 n f\OT1/cmr/m/n/
12 0\OMS/cmsy/m/n/12 g$\OT1/cmr/m/it/12 . Ap-ply []\OT1/cmtt/m/it/12 RotatedZet
a.rotation[]spectral[]gap[]\OT1/cmr/m/it/12 .
 []

! Missing } inserted.
<inserted text> 
                }
l.411 \end{theorem}
                   
I've inserted something that you may have forgotten.
(See the <inserted text> above.)
With luck, this will get me unwedged. But if you
really didn't forget anything, try typing `2' now; then
my insertion and my current dilemma will both disappear.


Overfull \hbox (125.55348pt too wide) in paragraph at lines 419--420
[][]\OT1/cmr/bx/n/12 Theorem 7.1 \OT1/cmr/m/n/12 (Sphere Con-fine-ment Bounds V
or-tic-ity)\OT1/cmr/bx/n/12 . [][]\OT1/cmtt/m/it/12 NavierStokes.sphere[]confin
ement[]bounds[]vorticity[] 
 []

! Missing $ inserted.
<inserted text> 
                $
l.421 \uses{ax:incompressibility_equidistribution}
                                                  
I've inserted a begin-math/end-math symbol since I think
you left one out. Proceed, with fingers crossed.

! Extra }, or forgotten $.
<recently read> \egroup 
                        
l.421 \uses{ax:incompressibility_equidistribution}
                                                  
I've deleted a group-closing symbol because it seems to be
spurious, as in `$x}$'. But perhaps the } is legitimate and
you forgot something else, as in `\hbox{$x}'. In such cases
the way to recover is to insert both the forgotten and the
deleted material, e.g., by typing `I$}'.

! Missing $ inserted.
<inserted text> 
                $
l.422 $\exists
              \, M > 0$: $\forall\, t \ge 0$, $\mathrm{vorticitySup}(t) \le M$.
I've inserted a begin-math/end-math symbol since I think
you left one out. Proceed, with fingers crossed.


Overfull \hbox (24.00699pt too wide) in paragraph at lines 424--427
[]\OT1/cmr/m/it/12 Proof sketch. Di-rectly from []\OT1/cmtt/m/it/12 incompressi
bility[]equidistribution[]\OT1/cmr/m/it/12 : set $\OML/cmm/m/it/12 M \OT1/cmr/m
/n/12 = \OML/cmm/m/it/12 C[] \OT1/cmr/m/n/12 +
 []

! Missing } inserted.
<inserted text> 
                }
l.427 \end{theorem}
                   
I've inserted something that you may have forgotten.
(See the <inserted text> above.)
With luck, this will get me unwedged. But if you
really didn't forget anything, try typing `2' now; then
my insertion and my current dilemma will both disappear.


Overfull \hbox (179.23622pt too wide) in paragraph at lines 431--432
[][]\OT1/cmr/bx/n/12 Theorem 7.2 \OT1/cmr/m/n/12 (Con-di-tional NS Reg-u-lar-it
y (Zero Cus-tom Ax-ioms))\OT1/cmr/bx/n/12 . [][]\OT1/cmtt/m/it/12 NavierStokes.
navier[]stokes[]from[]vorticity[]bound[] 
 []

! Missing $ inserted.
<inserted text> 
                $
l.433 ...x:leray_hopf_existence, ax:bkm_criterion}
                                                  
I've inserted a begin-math/end-math symbol since I think
you left one out. Proceed, with fingers crossed.

! Extra }, or forgotten $.
<recently read> \egroup 
                        
l.433 ...x:leray_hopf_existence, ax:bkm_criterion}
                                                  
I've deleted a group-closing symbol because it seems to be
spurious, as in `$x}$'. But perhaps the } is legitimate and
you forgot something else, as in `\hbox{$x}'. In such cases
the way to recover is to insert both the forgotten and the
deleted material, e.g., by typing `I$}'.

! Missing $ inserted.
<inserted text> 
                $
l.436 
      
I've inserted a begin-math/end-math symbol since I think
you left one out. Proceed, with fingers crossed.

! Missing } inserted.
<inserted text> 
                }
l.436 
      
I've inserted something that you may have forgotten.
(See the <inserted text> above.)
With luck, this will get me unwedged. But if you
really didn't forget anything, try typing `2' now; then
my insertion and my current dilemma will both disappear.


Overfull \hbox (142.71419pt too wide) in paragraph at lines 433--436
[]\OT1/cmr/m/it/12 Uses: ax:leray$[]\OML/cmm/m/it/12 opf[]xistence; ax \OT1/cmr
/m/n/12 : \OML/cmm/m/it/12 bkm[]riterion: Ifauniformvorticityboundisgivenasahyp
othesis\OT1/cmr/m/n/12 (\OML/cmm/m/it/12 foranyLeray \OMS/cmsy/m/n/12 ^^@
 []


Overfull \hbox (26.57204pt too wide) in paragraph at lines 433--436
\OMS/cmsy/m/n/12 ^^@\OML/cmm/m/it/12 Hopfsolution\OT1/cmr/m/n/12 )\OML/cmm/m/it
/12 ; thenglobalregularityfollowsfromLeray \OMS/cmsy/m/n/12 ^^@ ^^@\OML/cmm/m/i
t/12 HopfexistenceplusBKMalone:[]$ 
 []


Overfull \hbox (70.64401pt too wide) in paragraph at lines 437--444
\OT1/cmr/m/it/12 ana-log of con-di-tional RH ([]\OT1/cmtt/m/it/12 RotatedZeta.r
iemann[]hypothesis[] \OT1/cmr/m/it/12 with []\OT1/cmtt/m/it/12 explicit[]formul
a[]completeness[]
 []


Overfull \hbox (74.64983pt too wide) in paragraph at lines 447--448
[][]\OT1/cmr/bx/n/12 Theorem 7.3 \OT1/cmr/m/n/12 (Navier--S-tokes Global Reg-u-
lar-ity)\OT1/cmr/bx/n/12 . [][]\OT1/cmtt/m/it/12 NavierStokes.navier[]stokes[]g
lobal[]regularity[] 
 []

! Missing $ inserted.
<inserted text> 
                $
l.450 ... thm:sphere_confinement_bounds_vorticity}
                                                  
I've inserted a begin-math/end-math symbol since I think
you left one out. Proceed, with fingers crossed.

! Extra }, or forgotten $.
<recently read> \egroup 
                        
l.450 ... thm:sphere_confinement_bounds_vorticity}
                                                  
I've deleted a group-closing symbol because it seems to be
spurious, as in `$x}$'. But perhaps the } is legitimate and
you forgot something else, as in `\hbox{$x}'. In such cases
the way to recover is to insert both the forgotten and the
deleted material, e.g., by typing `I$}'.

! Missing $ inserted.
<inserted text> 
                $
l.451 For 3D incompressible NS with viscosity $\nu
                                                   > 0$ and finite-energy
I've inserted a begin-math/end-math symbol since I think
you left one out. Proceed, with fingers crossed.


Overfull \hbox (246.4171pt too wide) in paragraph at lines 450--453
[]\OT1/cmr/m/it/12 Uses: ax:leray$[]\OML/cmm/m/it/12 opf[]xistence; ax \OT1/cmr
/m/n/12 : \OML/cmm/m/it/12 bkm[]riterion; thm \OT1/cmr/m/n/12 : \OML/cmm/m/it/1
2 sphere[]onfinement[]ounds[]orticity: For\OT1/cmr/m/n/12 3\OML/cmm/m/it/12 Din
compressibleNSwithviscosity$$^^W >
 []


LaTeX Warning: Reference `sec:ns-equidistribution' on page 6 undefined on input
 line 465.


LaTeX Warning: Reference `sec:ns-strain' on page 6 undefined on input line 466.



Overfull \hbox (95.12479pt too wide) in paragraph at lines 462--467
\OT1/cmr/m/it/12 nium Prob-lem it-self, see Sec-tion []). Novel con-tri-bu-tion
 (zero ax-ioms): []\OT1/cmtt/m/it/12 trace[]free[]max[]eigenvalue[]bound[]
 []

! Missing } inserted.
<inserted text> 
                }
l.467 \end{theorem}
                   
I've inserted something that you may have forgotten.
(See the <inserted text> above.)
With luck, this will get me unwedged. But if you
really didn't forget anything, try typing `2' now; then
my insertion and my current dilemma will both disappear.


Overfull \hbox (200.26796pt too wide) in paragraph at lines 471--472
[][]\OT1/cmr/bx/n/12 Theorem 7.4 \OT1/cmr/m/n/12 (Clay Mil-len-nium Prob-lem: N
avier--S-tokes Global Reg-u-lar-ity)\OT1/cmr/bx/n/12 . [][]\OT1/cmtt/m/it/12 Na
vierStokes.clay[]millennium[]navier[]stokes[] 
 []

! Missing $ inserted.
<inserted text> 
                $
l.473 \uses{thm:navier_stokes_global_regularity}
                                                
I've inserted a begin-math/end-math symbol since I think
you left one out. Proceed, with fingers crossed.

! Extra }, or forgotten $.
<recently read> \egroup 
                        
l.473 \uses{thm:navier_stokes_global_regularity}
                                                
I've deleted a group-closing symbol because it seems to be
spurious, as in `$x}$'. But perhaps the } is legitimate and
you forgot something else, as in `\hbox{$x}'. In such cases
the way to recover is to insert both the forgotten and the
deleted material, e.g., by typing `I$}'.


! LaTeX Error: \mathbb allowed only in math mode.

See the LaTeX manual or LaTeX Companion for explanation.
Type  H <return>  for immediate help.
 ...                                              
                                                  
l.474 ...ee, rapidly decaying initial data on $\RR
                                                  ^3$
You're in trouble here.  Try typing  <return>  to proceed.
If that doesn't work, type  X <return>  to quit.

! Missing $ inserted.
<inserted text> 
                $
l.474 ...e, rapidly decaying initial data on $\RR^
                                                  3$
I've inserted a begin-math/end-math symbol since I think
you left one out. Proceed, with fingers crossed.


Overfull \hbox (112.60353pt too wide) in paragraph at lines 473--476
[]\OT1/cmr/m/it/12 Uses: thm:navier$[]\OML/cmm/m/it/12 tokes[]lobal[]egularity:
 Foranysmooth; divergence \OMS/cmsy/m/n/12 ^^@ \OML/cmm/m/it/12 free; rapidlyde
cayinginitialdataon$\OT1/cmr/m/it/12 R$[]$
 []

! Missing } inserted.
<inserted text> 
                }
l.479 \end{theorem}
                   
I've inserted something that you may have forgotten.
(See the <inserted text> above.)
With luck, this will get me unwedged. But if you
really didn't forget anything, try typing `2' now; then
my insertion and my current dilemma will both disappear.


Overfull \hbox (43.38535pt too wide) in paragraph at lines 486--499
 [] 
 []



[6]
Overfull \hbox (1.17233pt too wide) in paragraph at lines 514--516
[]\OT1/cmr/bx/n/12 Equidistribution mech-a-nism \OT1/cmr/m/n/12 (proved, 0 ax-i
oms): if vor-tic-ity align-ment is equidis-
 []



[7] (./blueprint_ns.aux)
 ***********
LaTeX2e <2025-06-01> patch level 1
L3 programming layer <2025-07-20>
 ***********


LaTeX Warning: There were undefined references.


LaTeX Warning: Label(s) may have changed. Rerun to get cross-references right.


Package rerunfilecheck Warning: File `blueprint_ns.out' has changed.
(rerunfilecheck)                Rerun to get outlines right
(rerunfilecheck)                or use package `bookmark'.

Package rerunfilecheck Info: Checksums for `blueprint_ns.out':
(rerunfilecheck)             Before: <no file>
(rerunfilecheck)             After:  4AA357D74ABA968DD24FC79FFF182155;2074.
 ) 
Here is how much of TeX's memory you used:
 10909 strings out of 467801
 164551 string characters out of 5431917
 592939 words of memory out of 5000000
 39388 multiletter control sequences out of 15000+600000
 637730 words of font info for 82 fonts, out of 8000000 for 9000
 1141 hyphenation exceptions out of 8191
 75i,14n,79p,549b,587s stack positions out of 10000i,1000n,20000p,200000b,200000s
</usr/local/texlive/2025/texmf-dist/fonts/type1/public/amsfonts/cm/cmbx12.pfb
></usr/local/texlive/2025/texmf-dist/fonts/type1/public/amsfonts/cm/cmex10.pfb>
</usr/local/texlive/2025/texmf-dist/fonts/type1/public/amsfonts/cm/cmitt10.pfb>
</usr/local/texlive/2025/texmf-dist/fonts/type1/public/amsfonts/cm/cmmi12.pfb><
/usr/local/texlive/2025/texmf-dist/fonts/type1/public/amsfonts/cm/cmmi8.pfb></u
sr/local/texlive/2025/texmf-dist/fonts/type1/public/amsfonts/cm/cmr12.pfb></usr
/local/texlive/2025/texmf-dist/fonts/type1/public/amsfonts/cm/cmr6.pfb></usr/lo
cal/texlive/2025/texmf-dist/fonts/type1/public/amsfonts/cm/cmr8.pfb></usr/local
/texlive/2025/texmf-dist/fonts/type1/public/amsfonts/cm/cmsy10.pfb></usr/local/
texlive/2025/texmf-dist/fonts/type1/public/amsfonts/cm/cmsy6.pfb></usr/local/te
xlive/2025/texmf-dist/fonts/type1/public/amsfonts/cm/cmsy8.pfb></usr/local/texl
ive/2025/texmf-dist/fonts/type1/public/amsfonts/cm/cmti10.pfb></usr/local/texli
ve/2025/texmf-dist/fonts/type1/public/amsfonts/cm/cmti12.pfb></usr/local/texliv
e/2025/texmf-dist/fonts/type1/public/amsfonts/cm/cmtt12.pfb></usr/local/texlive
/2025/texmf-dist/fonts/type1/public/amsfonts/cm/cmtt8.pfb></usr/local/texlive/2
025/texmf-dist/fonts/type1/public/amsfonts/symbols/msam10.pfb></usr/local/texli
ve/2025/texmf-dist/fonts/type1/public/amsfonts/symbols/msbm10.pfb></usr/local/t
exlive/2025/texmf-dist/fonts/type1/public/cm-super/sfrm1200.pfb>
Output written on blueprint_ns.pdf (7 pages, 227313 bytes).
PDF statistics:
 190 PDF objects out of 1000 (max. 8388607)
 143 compressed objects within 2 object streams
 55 named destinations out of 1000 (max. 500000)
 1 words of extra memory for PDF output out of 10000 (max. 10000000)

