\BOOKMARK [1][-]{section.1}{\376\377\000S\000c\000h\000w\000a\000r\000z\000\040\000R\000e\000f\000l\000e\000c\000t\000i\000o\000n\000\040\000a\000n\000d\000\040\000R\000e\000a\000l\000i\000t\000y\000\040\000o\000n\000\040\000t\000h\000e\000\040\000C\000r\000i\000t\000i\000c\000a\000l\000\040\000L\000i\000n\000e}{}% 1
\BOOKMARK [2][-]{subsection.1.1}{\376\377\000H\000a\000r\000d\000y\000'\000s\000\040\000T\000h\000e\000o\000r\000e\000m\000\040\000f\000r\000o\000m\000\040\000S\000i\000g\000n\000\040\000C\000h\000a\000n\000g\000e\000s}{section.1}% 2
\BOOKMARK [1][-]{section.2}{\376\377\000T\000h\000e\000\040\000R\000o\000t\000a\000t\000e\000d\000\040\000Z\000e\000t\000a\000\040\000F\000u\000n\000c\000t\000i\000o\000n\000\040\000a\000n\000d\000\040\000C\000o\000d\000i\000m\000e\000n\000s\000i\000o\000n\000a\000l\000i\000t\000y}{}% 3
\BOOKMARK [2][-]{subsection.2.1}{\376\377\000A\000b\000s\000t\000r\000a\000c\000t\000\040\000S\000p\000e\000c\000t\000r\000a\000l\000\040\000G\000a\000p\000\040\000P\000r\000i\000n\000c\000i\000p\000l\000e}{section.2}% 4
\BOOKMARK [2][-]{subsection.2.2}{\376\377\000F\000o\000u\000r\000i\000e\000r\000\040\000C\000o\000m\000p\000l\000e\000t\000e\000n\000e\000s\000s\000\040\000I\000n\000f\000r\000a\000s\000t\000r\000u\000c\000t\000u\000r\000e}{section.2}% 5
\BOOKMARK [1][-]{section.3}{\376\377\000W\000o\000b\000b\000l\000e\000\040\000T\000h\000e\000o\000r\000y\000\040\000a\000n\000d\000\040\000O\000f\000f\000-\000A\000x\000i\000s\000\040\000N\000o\000n\000v\000a\000n\000i\000s\000h\000i\000n\000g}{}% 6
\BOOKMARK [2][-]{subsection.3.1}{\376\377\000N\000u\000m\000b\000e\000r\000-\000T\000h\000e\000o\000r\000e\000t\000i\000c\000\040\000U\000n\000c\000e\000r\000t\000a\000i\000n\000t\000y\000\040\000P\000r\000i\000n\000c\000i\000p\000l\000e}{section.3}% 7
\BOOKMARK [2][-]{subsection.3.2}{\376\377\000B\000a\000k\000e\000r\000'\000s\000\040\000A\000x\000i\000o\000m\000\040\000a\000n\000d\000\040\000S\000t\000r\000i\000p\000\040\000N\000o\000n\000v\000a\000n\000i\000s\000h\000i\000n\000g}{section.3}% 8
\BOOKMARK [1][-]{section.4}{\376\377\000T\000h\000e\000\040\000F\000u\000n\000c\000t\000i\000o\000n\000a\000l\000\040\000E\000q\000u\000a\000t\000i\000o\000n\000\040\000S\000c\000a\000l\000a\000r\000\040\000a\000n\000d\000\040\000-\000A\000t\000t\000e\000n\000u\000a\000t\000i\000o\000n}{}% 9
\BOOKMARK [1][-]{section.5}{\376\377\000W\000e\000y\000l\000\040\000I\000n\000t\000e\000g\000r\000a\000t\000i\000o\000n\000\040\000a\000n\000d\000\040\000Z\000e\000r\000o\000-\000I\000n\000p\000u\000t\000\040\000C\000l\000o\000s\000u\000r\000e}{}% 10
\BOOKMARK [1][-]{section.6}{\376\377\000H\000a\000r\000m\000o\000n\000i\000c\000\040\000A\000n\000a\000l\000y\000s\000i\000s\000:\000\040\000T\000h\000e\000\040\0003\000-\0004\000-\0001\000\040\000M\000e\000t\000h\000o\000d}{}% 11
\BOOKMARK [1][-]{section.7}{\376\377\000H\000a\000d\000a\000m\000a\000r\000d\000\040\000F\000a\000c\000t\000o\000r\000i\000z\000a\000t\000i\000o\000n\000\040\000I\000n\000f\000r\000a\000s\000t\000r\000u\000c\000t\000u\000r\000e}{}% 12
\BOOKMARK [2][-]{subsection.7.1}{\376\377\000P\000r\000o\000v\000e\000d\000\040\000I\000n\000f\000r\000a\000s\000t\000r\000u\000c\000t\000u\000r\000e\000\040\000\050\000Z\000e\000r\000o\000\040\000A\000x\000i\000o\000m\000s\000\051}{section.7}% 13
\BOOKMARK [2][-]{subsection.7.2}{\376\377\000A\000x\000i\000o\000m\000s}{section.7}% 14
\BOOKMARK [2][-]{subsection.7.3}{\376\377\000D\000e\000r\000i\000v\000e\000d\000\040\000T\000h\000e\000o\000r\000e\000m\000s}{section.7}% 15
\BOOKMARK [2][-]{subsection.7.4}{\376\377\000H\000a\000d\000a\000m\000a\000r\000d\000\040\000B\000r\000i\000d\000g\000e\000:\000\040\000E\000x\000p\000l\000i\000c\000i\000t\000\040\000F\000o\000r\000m\000u\000l\000a}{section.7}% 16
\BOOKMARK [1][-]{section.8}{\376\377\000T\000h\000e\000\040\000V\000o\000n\000\040\000M\000a\000n\000g\000o\000l\000d\000t\000\040\000S\000p\000e\000c\000t\000r\000a\000l\000\040\000R\000o\000u\000t\000e\000\040\000\050\000P\000r\000i\000m\000a\000r\000y\000\051}{}% 17
\BOOKMARK [2][-]{subsection.8.1}{\376\377\000H\000o\000w\000\040\000R\000o\000t\000a\000t\000i\000o\000n\000\040\000a\000n\000d\000\040\000M\000e\000l\000l\000i\000n\000\040\000W\000o\000r\000k\000\040\000T\000o\000g\000e\000t\000h\000e\000r}{section.8}% 18
\BOOKMARK [2][-]{subsection.8.2}{\376\377\000T\000h\000e\000\040\000S\000p\000e\000c\000t\000r\000a\000l\000\040\000H\000i\000l\000b\000e\000r\000t\000\040\000S\000p\000a\000c\000e\000\040\000H}{section.8}% 19
\BOOKMARK [2][-]{subsection.8.3}{\376\377\000S\000p\000e\000c\000t\000r\000a\000l\000\040\000A\000x\000i\000o\000m\000s\000\040\000a\000n\000d\000\040\000P\000r\000o\000o\000f}{section.8}% 20
\BOOKMARK [1][-]{section.9}{\376\377\000T\000h\000e\000\040\000M\000o\000t\000o\000h\000a\000s\000h\000i\000\040\000S\000p\000e\000c\000t\000r\000a\000l\000\040\000R\000o\000u\000t\000e}{}% 21
\BOOKMARK [2][-]{subsection.9.1}{\376\377\000R\000e\000l\000a\000t\000i\000o\000n\000s\000h\000i\000p\000\040\000t\000o\000\040\000R\000o\000t\000a\000t\000i\000o\000n\000\040\000\050\000M\000o\000t\000i\000v\000a\000t\000i\000o\000n\000a\000l\000,\000\040\000N\000o\000t\000\040\000S\000t\000r\000u\000c\000t\000u\000r\000a\000l\000\051}{section.9}% 22
\BOOKMARK [2][-]{subsection.9.2}{\376\377\000T\000h\000e\000\040\000M\000a\000a\000s\000s\000\040\000L\0002\000\040\000S\000p\000a\000c\000e}{section.9}% 23
\BOOKMARK [2][-]{subsection.9.3}{\376\377\000A\000x\000i\000o\000m\000s}{section.9}% 24
\BOOKMARK [2][-]{subsection.9.4}{\376\377\000P\000r\000o\000o\000f\000\040\000C\000h\000a\000i\000n}{section.9}% 25
\BOOKMARK [2][-]{subsection.9.5}{\376\377\000S\000i\000n\000g\000l\000e\000-\000A\000x\000i\000o\000m\000\040\000C\000o\000n\000s\000o\000l\000i\000d\000a\000t\000i\000o\000n}{section.9}% 26
\BOOKMARK [2][-]{subsection.9.6}{\376\377\000C\000o\000m\000p\000a\000r\000i\000s\000o\000n\000:\000\040\000F\000o\000u\000r\000i\000e\000r\000\040\000v\000s\000\040\000M\000o\000t\000o\000h\000a\000s\000h\000i}{section.9}% 27
\BOOKMARK [1][-]{section.10}{\376\377\000T\000h\000e\000\040\000F\000o\000u\000r\000\040\000P\000r\000o\000o\000f\000\040\000E\000n\000d\000p\000o\000i\000n\000t\000s}{}% 28
\BOOKMARK [1][-]{section.11}{\376\377\000A\000x\000i\000o\000m\000\040\000I\000n\000v\000e\000n\000t\000o\000r\000y}{}% 29
\BOOKMARK [1][-]{section.12}{\376\377\000P\000r\000o\000o\000f\000\040\000C\000h\000a\000i\000n\000\040\000S\000u\000m\000m\000a\000r\000y}{}% 30
