\BOOKMARK [1][-]{section.1}{\376\377\000I\000n\000t\000r\000o\000d\000u\000c\000t\000i\000o\000n}{}% 1
\BOOKMARK [2][-]{subsection.1.1}{\376\377\000H\000i\000s\000t\000o\000r\000y\000\040\000a\000n\000d\000\040\000c\000o\000n\000t\000e\000x\000t}{section.1}% 2
\BOOKMARK [2][-]{subsection.1.2}{\376\377\000M\000a\000i\000n\000\040\000r\000e\000s\000u\000l\000t\000\040\000a\000n\000d\000\040\000c\000o\000n\000d\000i\000t\000i\000o\000n\000a\000l\000i\000t\000y}{section.1}% 3
\BOOKMARK [2][-]{subsection.1.3}{\376\377\000S\000e\000n\000s\000i\000t\000i\000v\000i\000t\000y\000\040\000t\000o\000\040\000t\000h\000e\000\040\000b\000a\000s\000e\000:\000\040\000t\000h\000e\000\040\000L\000i\000o\000u\000v\000i\000l\000l\000e\000\040\000c\000o\000u\000n\000t\000e\000r\000e\000x\000a\000m\000p\000l\000e}{section.1}% 4
\BOOKMARK [2][-]{subsection.1.4}{\376\377\000F\000o\000r\000m\000a\000l\000\040\000v\000e\000r\000i\000f\000i\000c\000a\000t\000i\000o\000n}{section.1}% 5
\BOOKMARK [1][-]{section.2}{\376\377\000D\000e\000f\000i\000n\000i\000t\000i\000o\000n\000s\000\040\000a\000n\000d\000\040\000N\000o\000t\000a\000t\000i\000o\000n}{}% 6
\BOOKMARK [1][-]{section.3}{\376\377\000T\000h\000e\000\040\000C\000y\000c\000l\000e\000\040\000E\000q\000u\000a\000t\000i\000o\000n}{}% 7
\BOOKMARK [2][-]{subsection.3.1}{\376\377\000O\000r\000b\000i\000t\000\040\000t\000e\000l\000e\000s\000c\000o\000p\000i\000n\000g}{section.3}% 8
\BOOKMARK [2][-]{subsection.3.2}{\376\377\000M\000u\000l\000t\000i\000p\000l\000i\000c\000a\000t\000i\000v\000e\000\040\000i\000n\000d\000e\000p\000e\000n\000d\000e\000n\000c\000e\000\040\000o\000f\000\040\0002\000\040\000a\000n\000d\000\040\0003}{section.3}% 9
\BOOKMARK [1][-]{section.4}{\376\377\000N\000o\000\040\000N\000o\000n\000t\000r\000i\000v\000i\000a\000l\000\040\000C\000y\000c\000l\000e\000s}{}% 10
\BOOKMARK [2][-]{subsection.4.1}{\376\377\000P\000a\000t\000h\000\040\0001\000:\000\040\000D\000r\000i\000f\000t\000\040\000c\000o\000n\000t\000r\000a\000d\000i\000c\000t\000i\000o\000n}{section.4}% 11
\BOOKMARK [2][-]{subsection.4.2}{\376\377\000P\000a\000t\000h\000\040\0002\000:\000\040\000L\000a\000t\000t\000i\000c\000e\000\040\000n\000o\000n\000-\000m\000e\000m\000b\000e\000r\000s\000h\000i\000p}{section.4}% 12
\BOOKMARK [2][-]{subsection.4.3}{\376\377\000P\000a\000t\000h\000\040\0003\000:\000\040\000C\000y\000c\000l\000o\000t\000o\000m\000i\000c\000\040\000r\000i\000g\000i\000d\000i\000t\000y}{section.4}% 13
\BOOKMARK [2][-]{subsection.4.4}{\376\377\000A\000s\000s\000e\000m\000b\000l\000y}{section.4}% 14
\BOOKMARK [2][-]{subsection.4.5}{\376\377\000T\000h\000e\000\040\000L\000i\000o\000u\000v\000i\000l\000l\000e\000\040\000c\000o\000u\000n\000t\000e\000r\000e\000x\000a\000m\000p\000l\000e\000:\000\040\000s\000e\000n\000s\000i\000t\000i\000v\000i\000t\000y\000\040\000t\000o\000\040\000t\000h\000e\000\040\000b\000a\000s\000e}{section.4}% 15
\BOOKMARK [1][-]{section.5}{\376\377\000N\000o\000\040\000D\000i\000v\000e\000r\000g\000e\000n\000t\000\040\000O\000r\000b\000i\000t\000s\000\040\000\050\000C\000o\000n\000d\000i\000t\000i\000o\000n\000a\000l\000\051}{}% 16
\BOOKMARK [2][-]{subsection.5.1}{\376\377\000T\000h\000e\000\040\000B\000a\000k\000e\000r\000\040\000D\000e\000p\000e\000n\000d\000e\000n\000c\000y}{section.5}% 17
\BOOKMARK [3][-]{subsubsection.5.1.1}{\376\377\000B\000a\000k\000e\000r\000'\000s\000\040\000t\000h\000e\000o\000r\000e\000m\000\040\000o\000n\000\040\000l\000i\000n\000e\000a\000r\000\040\000f\000o\000r\000m\000s\000\040\000i\000n\000\040\000l\000o\000g\000a\000r\000i\000t\000h\000m\000s}{subsection.5.1}% 18
\BOOKMARK [3][-]{subsubsection.5.1.2}{\376\377\000F\000r\000o\000m\000\040\000B\000a\000k\000e\000r\000\040\000t\000o\000\040\000t\000h\000e\000\040\000a\000x\000i\000o\000m\000s\000:\000\040\000d\000e\000t\000a\000i\000l\000e\000d\000\040\000b\000r\000i\000d\000g\000e}{subsection.5.1}% 19
\BOOKMARK [2][-]{subsection.5.2}{\376\377\000T\000h\000e\000\040\000t\000w\000o\000\040\000a\000x\000i\000o\000m\000s}{section.5}% 20
\BOOKMARK [2][-]{subsection.5.3}{\376\377\000T\000h\000e\000\040\0002\0000\000-\000s\000t\000e\000p\000\040\000c\000o\000n\000t\000r\000a\000c\000t\000i\000o\000n\000\040\000\050\000p\000r\000i\000m\000a\000r\000y\000\040\000n\000o\000-\000d\000i\000v\000e\000r\000g\000e\000n\000c\000e\000\040\000p\000a\000t\000h\000\051}{section.5}% 21
\BOOKMARK [2][-]{subsection.5.4}{\376\377\000O\000r\000b\000i\000t\000\040\000b\000o\000u\000n\000d\000e\000d\000n\000e\000s\000s\000\040\000c\000o\000n\000t\000r\000a\000d\000i\000c\000t\000s\000\040\000d\000i\000v\000e\000r\000g\000e\000n\000c\000e}{section.5}% 22
\BOOKMARK [2][-]{subsection.5.5}{\376\377\000T\000h\000e\000\040\000p\000a\000r\000i\000t\000y\000\040\000r\000o\000u\000t\000e\000\040\000\050\000c\000o\000r\000o\000l\000l\000a\000r\000y\000\051}{section.5}% 23
\BOOKMARK [2][-]{subsection.5.6}{\376\377\000A\000l\000t\000e\000r\000n\000a\000t\000i\000v\000e\000\040\000r\000o\000u\000t\000e\000:\000\040\000B\000a\000k\000e\000r\000\040\000+\000\040\000T\000a\000o\000\040\000m\000i\000x\000i\000n\000g}{section.5}% 24
\BOOKMARK [3][-]{subsubsection.5.6.1}{\376\377\000P\000a\000r\000a\000l\000l\000e\000l\000\040\000i\000n\000t\000e\000r\000f\000a\000c\000e\000\040\000d\000e\000s\000i\000g\000n}{subsection.5.6}% 25
\BOOKMARK [3][-]{subsubsection.5.6.2}{\376\377\000T\000h\000e\000\040\000T\000a\000o\000\040\000m\000i\000x\000i\000n\000g\000\040\000i\000n\000t\000e\000r\000f\000a\000c\000e}{subsection.5.6}% 26
\BOOKMARK [3][-]{subsubsection.5.6.3}{\376\377\000R\000o\000u\000t\000e\000\040\000B\000\040\000c\000l\000o\000s\000e\000s\000\040\000t\000h\000e\000\040\000p\000r\000o\000o\000f}{subsection.5.6}% 27
\BOOKMARK [1][-]{section.6}{\376\377\000A\000s\000s\000e\000m\000b\000l\000y\000:\000\040\000T\000h\000e\000\040\000M\000a\000i\000n\000\040\000T\000h\000e\000o\000r\000e\000m}{}% 28
\BOOKMARK [2][-]{subsection.6.1}{\376\377\000S\000y\000r\000a\000c\000u\000s\000e\000-\000t\000o\000-\000C\000o\000l\000l\000a\000t\000z\000\040\000b\000r\000i\000d\000g\000e}{section.6}% 29
\BOOKMARK [2][-]{subsection.6.2}{\376\377\000T\000h\000e\000\040\000m\000a\000i\000n\000\040\000t\000h\000e\000o\000r\000e\000m}{section.6}% 30
\BOOKMARK [2][-]{subsection.6.3}{\376\377\000F\000o\000r\000m\000a\000l\000\040\000s\000t\000a\000t\000e\000m\000e\000n\000t}{section.6}% 31
\BOOKMARK [1][-]{section.7}{\376\377\000F\000o\000r\000m\000a\000l\000\040\000V\000e\000r\000i\000f\000i\000c\000a\000t\000i\000o\000n}{}% 32
\BOOKMARK [2][-]{subsection.7.1}{\376\377\000L\000e\000a\000n\000\040\0004\000\040\000+\000\040\000M\000a\000t\000h\000l\000i\000b\000\040\000f\000o\000r\000m\000a\000l\000i\000z\000a\000t\000i\000o\000n}{section.7}% 33
\BOOKMARK [2][-]{subsection.7.2}{\376\377\000A\000x\000i\000o\000m\000\040\000i\000n\000v\000e\000n\000t\000o\000r\000y}{section.7}% 34
\BOOKMARK [2][-]{subsection.7.3}{\376\377\000W\000h\000a\000t\000\040\000L\000e\000a\000n\000\040\000v\000e\000r\000i\000f\000i\000e\000s\000\040\000v\000s\000.\000\040\000w\000h\000a\000t\000\040\000t\000h\000e\000\040\000a\000x\000i\000o\000m\000s\000\040\000a\000s\000s\000e\000r\000t}{section.7}% 35
\BOOKMARK [2][-]{subsection.7.4}{\376\377\000C\000o\000m\000p\000a\000r\000i\000s\000o\000n\000\040\000w\000i\000t\000h\000\040\000T\000a\000o\000'\000s\000\040\000a\000p\000p\000r\000o\000a\000c\000h}{section.7}% 36
\BOOKMARK [1][-]{section.8}{\376\377\000P\000r\000o\000o\000f\000\040\000D\000e\000p\000e\000n\000d\000e\000n\000c\000y\000\040\000D\000i\000a\000g\000r\000a\000m}{}% 37
\BOOKMARK [1][-]{section.9}{\376\377\000D\000i\000s\000c\000u\000s\000s\000i\000o\000n}{}% 38
\BOOKMARK [2][-]{subsection.9.1}{\376\377\000W\000h\000a\000t\000\040\000w\000o\000u\000l\000d\000\040\000i\000t\000\040\000t\000a\000k\000e\000\040\000t\000o\000\040\000e\000l\000i\000m\000i\000n\000a\000t\000e\000\040\000t\000h\000e\000\040\000t\000w\000o\000\040\000a\000x\000i\000o\000m\000s\000?}{section.9}% 39
\BOOKMARK [2][-]{subsection.9.2}{\376\377\000T\000h\000e\000\040\000r\000o\000l\000e\000\040\000o\000f\000\040\0003\0002\0000\000/\0002\0003\0003}{section.9}% 40
\BOOKMARK [2][-]{subsection.9.3}{\376\377\000O\000p\000e\000n\000\040\000q\000u\000e\000s\000t\000i\000o\000n\000s}{section.9}% 41
\BOOKMARK [1][-]{section.10}{\376\377\000R\000e\000p\000r\000o\000d\000u\000c\000i\000b\000i\000l\000i\000t\000y}{}% 42
